#
# A fatal error has been detected by the Java Runtime Environment:
#
#  SIGSEGV (0xb) at pc=0x00007f86e93e308f, pid=10758, tid=0x00007f86934ee700
#
# JRE version: Java(TM) SE Runtime Environment (8.0_111-b14) (build 1.8.0_111-b14)
# Java VM: Java HotSpot(TM) 64-Bit Server VM (25.111-b14 mixed mode linux-amd64 compressed oops)
# Problematic frame:
# V  [libjvm.so+0x41408f]  ciEnv::ciEnv(CompileTask*, int)+0x30f
#
# Failed to write core dump. Core dumps have been disabled. To enable core dumping, try "ulimit -c unlimited" before starting Java again
#
# If you would like to submit a bug report, please visit:
#   http://bugreport.java.com/bugreport/crash.jsp
#

---------------  T H R E A D  ---------------

Current thread (0x00007f86e40c7800):  JavaThread "C2 CompilerThread1" daemon [_thread_in_vm_trans, id=10783, stack(0x00007f86933ee000,0x00007f86934ef000)]

siginfo: si_signo: 11 (SIGSEGV), si_code: 0 (SI_USER)

Registers:
RAX=0x00007f86eabda780, RBX=0x00007f86934edbc0, RCX=0x00007f8674000a30, RDX=0x00007f86e9f92f80
RSP=0x00007f86934ed750, RBP=0x00007f86934ed780, RSI=0x000000000000067c, RDI=0x00007f866d18d410
R8 =0x0000000000000062, R9 =0x00007f86e9faaf80, R10=0x00007f86e9facce0, R11=0x0000000000000000
R12=0x00007f86e401c220, R13=0x00007f86e40c7800, R14=0x0000000000002fa5, R15=0x00007f86e51eaa30
RIP=0x00007f86e93e308f, EFLAGS=0x0000000000010202, CSGSFS=0x0000000000000033, ERR=0x0000000000000007
  TRAPNO=0x000000000000000e

Top of Stack: (sp=0x00007f86934ed750)
0x00007f86934ed750:   00007f865b5c9ca8 00007f86e4006a60
0x00007f86934ed760:   0000000000002fa5 00007f865b5c9ca8
0x00007f86934ed770:   0000000000000000 00007f86e51eaa30
0x00007f86934ed780:   00007f86934edb60 00007f86e947e4ec
0x00007f86934ed790:   0000000000000000 0000000000000000
0x00007f86934ed7a0:   00007f8600000001 00007f86e9b17f72
0x00007f86934ed7b0:   00007f86934ed8d0 00007f86934ed950
0x00007f86934ed7c0:   00007f86e9f57760 00007f86934edae0
0x00007f86934ed7d0:   00007f86934edab0 00007f86e40c7800
0x00007f86934ed7e0:   ffffffff934ed7f0 000000040000d878
0x00007f86934ed7f0:   00007f866c9f4e40 00007f866c137160
0x00007f86934ed800:   00007f866c1389d0 00007f866c13f148
0x00007f86934ed810:   00007f86e401bdf0 00000000000083b0
0x00007f86934ed820:   00002975934ed870 0000000000000000
0x00007f86934ed830:   00007f86934ed8a0 00007f86e95feb73
0x00007f86934ed840:   00007f865b5c9ca8 00007f86e40c7800
0x00007f86934ed850:   00007f86d4c21780 0000000000000001
0x00007f86934ed860:   00007f86934ed8a0 00007f86e948289c
0x00007f86934ed870:   0000000000000000 00007f86d4c21760
0x00007f86934ed880:   00007f86d4c21760 00007f86d5c28610
0x00007f86934ed890:   00007f86934ed8d0 00007f86d5c28610
0x00007f86934ed8a0:   00007f86934ed920 00007f866c137160
0x00007f86934ed8b0:   0000000000000000 00007f86d5c38d40
0x00007f86934ed8c0:   00007f86d5c38bd0 00007f86e40c7800
0x00007f86934ed8d0:   00007f86934ed920 00007f86e401bdf0
0x00007f86934ed8e0:   00007f86934ed9f0 00007f86e98b7ff8
0x00007f86934ed8f0:   00007f86934ed9f0 00007f86d5c38bd0
0x00007f86934ed900:   00000000000083b0 00007f866c13f148
0x00007f86934ed910:   00007f866c1389d0 00007f866c137160
0x00007f86934ed920:   0000000000000000 00007f86d5c38d20
0x00007f86934ed930:   00007f86d5c38d20 0000000000000000
0x00007f86934ed940:   00007f86934eda60 00007f86ea7b03f8 

Instructions: (pc=0x00007f86e93e308f)
0x00007f86e93e306f:   a5 ed b5 00 4c 89 ea 48 c1 ea 04 8b 00 21 d0 48
0x00007f86e93e307f:   8b 15 93 a6 b5 00 48 03 02 48 8b 15 31 92 b5 00
0x00007f86e93e308f:   c7 00 01 00 00 00 8b 02 85 c0 0f 84 62 ff ff ff
0x00007f86e93e309f:   4c 89 ef e8 69 73 5a 00 e9 55 ff ff ff 0f 1f 40 

Register to memory mapping:

RAX=0x00007f86eabda780 is an unknown value
RBX=0x00007f86934edbc0 is pointing into the stack for thread: 0x00007f86e40c7800
RCX=0x00007f8674000a30 is an unknown value
RDX=0x00007f86e9f92f80: <offset 0xfc3f80> in /usr/lib/jvm/java-8-oracle/jre/lib/amd64/server/libjvm.so at 0x00007f86e8fcf000
RSP=0x00007f86934ed750 is pointing into the stack for thread: 0x00007f86e40c7800
RBP=0x00007f86934ed780 is pointing into the stack for thread: 0x00007f86e40c7800
RSI=0x000000000000067c is an unknown value
RDI=0x00007f866d18d410 is an unknown value
R8 =0x0000000000000062 is an unknown value
R9 =0x00007f86e9faaf80: <offset 0xfdbf80> in /usr/lib/jvm/java-8-oracle/jre/lib/amd64/server/libjvm.so at 0x00007f86e8fcf000
R10=0x00007f86e9facce0: <offset 0xfddce0> in /usr/lib/jvm/java-8-oracle/jre/lib/amd64/server/libjvm.so at 0x00007f86e8fcf000
R11=0x0000000000000000 is an unknown value
R12=0x00007f86e401c220 is an unknown value
R13=0x00007f86e40c7800 is a thread
R14=0x0000000000002fa5 is an unknown value
R15=0x00007f86e51eaa30 is an unknown value


Stack: [0x00007f86933ee000,0x00007f86934ef000],  sp=0x00007f86934ed750,  free space=1021k
Native frames: (J=compiled Java code, j=interpreted, Vv=VM code, C=native code)
V  [libjvm.so+0x41408f]  ciEnv::ciEnv(CompileTask*, int)+0x30f
V  [libjvm.so+0x4af4ec]  CompileBroker::invoke_compiler_on_method(CompileTask*)+0x5fc
V  [libjvm.so+0x4b0b36]  CompileBroker::compiler_thread_loop()+0x5d6
V  [libjvm.so+0xa742b3]  JavaThread::thread_main_inner()+0x103
V  [libjvm.so+0xa743fc]  JavaThread::run()+0x11c
V  [libjvm.so+0x924ea8]  java_start(Thread*)+0x108
C  [libpthread.so.0+0x8184]  start_thread+0xc4


Current CompileTask:
C2: 159706 10613       4       org.springframework.data.util.ClassTypeInformation::hashCode (5 bytes)


---------------  P R O C E S S  ---------------

Java Threads: ( => current thread )
  0x00007f861c001000 JavaThread "qtp1963201383-39" [_thread_in_native, id=10839, stack(0x00007f865a144000,0x00007f865a245000)]
  0x00007f860c005800 JavaThread "qtp1963201383-38" [_thread_in_native, id=10838, stack(0x00007f865a245000,0x00007f865a346000)]
  0x00007f8630043800 JavaThread "Scheduler-553381869" [_thread_blocked, id=10836, stack(0x00007f8691902000,0x00007f8691a03000)]
  0x00007f862c020800 JavaThread "org.eclipse.jetty.server.session.HashSessionManager@249b2606Timer" daemon [_thread_blocked, id=10829, stack(0x00007f865a346000,0x00007f865a447000)]
  0x00007f862c01c800 JavaThread "qtp1963201383-34" [_thread_in_native, id=10827, stack(0x00007f865a548000,0x00007f865a649000)]
  0x00007f862c01a800 JavaThread "qtp1963201383-33" [_thread_in_native, id=10826, stack(0x00007f865a649000,0x00007f865a74a000)]
  0x00007f862c018800 JavaThread "qtp1963201383-32-acceptor-0@48c952d4-ServerConnector@7dd94be4{HTTP/1.1,[http/1.1]}{0.0.0.0:8080}" [_thread_in_native, id=10825, stack(0x00007f865a74a000,0x00007f865a84b000)]
  0x00007f862c013000 JavaThread "qtp1963201383-30" [_thread_blocked, id=10823, stack(0x00007f865a94c000,0x00007f865aa4d000)]
  0x00007f862c011800 JavaThread "qtp1963201383-29" [_thread_blocked, id=10822, stack(0x00007f865aef5000,0x00007f865aff6000)]
  0x00007f862c00f000 JavaThread "qtp1963201383-28" [_thread_blocked, id=10821, stack(0x00007f865aff6000,0x00007f865b0f7000)]
  0x00007f86692fd800 JavaThread "Thread-11" [_thread_blocked, id=10820, stack(0x00007f865ad22000,0x00007f865ae23000)]
  0x00007f8668f5d800 JavaThread "pool-2-thread-1" daemon [_thread_blocked, id=10810, stack(0x00007f865b6f7000,0x00007f865b7f8000)]
  0x00007f8668f5b800 JavaThread "cluster-ClusterId{value='584f4af15f15032a0615a62c', description='null'}-localhost:27017" daemon [_thread_blocked, id=10809, stack(0x00007f865b7f8000,0x00007f865b8f9000)]
  0x00007f8668bca800 JavaThread "org.eclipse.jetty.server.session.HashSessionManager@364759acTimer" daemon [_thread_blocked, id=10808, stack(0x00007f865b8f9000,0x00007f865b9fa000)]
  0x00007f8668bb4000 JavaThread "qtp1863804850-21" [_thread_blocked, id=10807, stack(0x00007f865b9fa000,0x00007f865bafb000)]
  0x00007f8668bb2800 JavaThread "qtp1863804850-20" [_thread_blocked, id=10806, stack(0x00007f865bafb000,0x00007f865bbfc000)]
  0x00007f8668bb0800 JavaThread "qtp1863804850-19" [_thread_blocked, id=10805, stack(0x00007f865bbfc000,0x00007f865bcfd000)]
  0x00007f8668baf000 JavaThread "qtp1863804850-18-acceptor-0@4b6d2127-ServerConnector@45aad63a{HTTP/1.1,[http/1.1]}{0.0.0.0:8081}" [_thread_in_native, id=10804, stack(0x00007f865bcfd000,0x00007f865bdfe000)]
  0x00007f8668bad000 JavaThread "qtp1863804850-17" [_thread_in_native, id=10803, stack(0x00007f865bdfe000,0x00007f865beff000)]
  0x00007f8668bab800 JavaThread "qtp1863804850-16" [_thread_in_native, id=10802, stack(0x00007f865beff000,0x00007f865c000000)]
  0x00007f8668bab000 JavaThread "qtp1863804850-15" [_thread_in_native, id=10801, stack(0x00007f869002e000,0x00007f869012f000)]
  0x00007f8668b32800 JavaThread "qtp1863804850-14" [_thread_in_native, id=10800, stack(0x00007f8690ddd000,0x00007f8690ede000)]
  0x00007f86e40ce000 JavaThread "Service Thread" daemon [_thread_blocked, id=10786, stack(0x00007f86930eb000,0x00007f86931ec000)]
  0x00007f86e40cb000 JavaThread "C1 CompilerThread3" daemon [_thread_blocked, id=10785, stack(0x00007f86931ec000,0x00007f86932ed000)]
  0x00007f86e40c9800 JavaThread "C2 CompilerThread2" daemon [_thread_in_vm, id=10784, stack(0x00007f86932ed000,0x00007f86933ee000)]
=>0x00007f86e40c7800 JavaThread "C2 CompilerThread1" daemon [_thread_in_vm_trans, id=10783, stack(0x00007f86933ee000,0x00007f86934ef000)]
  0x00007f86e40c4800 JavaThread "C2 CompilerThread0" daemon [_thread_in_vm, id=10782, stack(0x00007f86934ef000,0x00007f86935f0000)]
  0x00007f86e40c3000 JavaThread "Signal Dispatcher" daemon [_thread_blocked, id=10781, stack(0x00007f86935f0000,0x00007f86936f1000)]
  0x00007f86e408c000 JavaThread "Finalizer" daemon [_thread_blocked, id=10780, stack(0x00007f8693886000,0x00007f8693987000)]
  0x00007f86e4087800 JavaThread "Reference Handler" daemon [_thread_blocked, id=10779, stack(0x00007f8693987000,0x00007f8693a88000)]
  0x00007f86e4009800 JavaThread "main" [_thread_blocked, id=10769, stack(0x00007f86eaac8000,0x00007f86eabc9000)]

Other Threads:
  0x00007f86e4080000 VMThread [stack: 0x00007f8693a88000,0x00007f8693b89000] [id=10778]
  0x00007f86e40d1000 WatcherThread [stack: 0x00007f8692fea000,0x00007f86930eb000] [id=10787]

VM state:synchronizing (normal execution)

VM Mutex/Monitor currently owned by a thread:  ([mutex/lock_event])
[0x00007f86e4005fe0] Safepoint_lock - owner thread: 0x00007f86e4080000
[0x00007f86e4006060] Threads_lock - owner thread: 0x00007f86e4080000

Heap:
 PSYoungGen      total 936960K, used 660388K [0x00000006af600000, 0x00000006ea280000, 0x00000007c0000000)
  eden space 909824K, 72% used [0x00000006af600000,0x00000006d76e6900,0x00000006e6e80000)
  from space 27136K, 15% used [0x00000006e8700000,0x00000006e8b02a08,0x00000006ea180000)
  to   space 25088K, 0% used [0x00000006e6e80000,0x00000006e6e80000,0x00000006e8700000)
 ParOldGen       total 1213440K, used 45675K [0x000000048e200000, 0x00000004d8300000, 0x00000006af600000)
  object space 1213440K, 3% used [0x000000048e200000,0x0000000490e9ae78,0x00000004d8300000)
 Metaspace       used 59271K, capacity 60580K, committed 60692K, reserved 1101824K
  class space    used 7237K, capacity 7485K, committed 7552K, reserved 1048576K

Card table byte_map: [0x00007f86d2e8a000,0x00007f86d481a000] byte_map_base: 0x00007f86d0a19000

Marking Bits: (ParMarkBitMap*) 0x00007f86e9f92220
 Begin Bits: [0x00007f8696710000, 0x00007f86a3388000)
 End Bits:   [0x00007f86a3388000, 0x00007f86b0000000)

Polling page: 0x00007f86eabdb000

CodeCache: size=245760Kb used=31031Kb max_used=31031Kb free=214728Kb
 bounds [0x00007f86d4bda000, 0x00007f86d6aea000, 0x00007f86e3bda000]
 total_blobs=9006 nmethods=8489 adapters=429
 compilation: enabled

Compilation events (10 events):
Event: 159.626 Thread 0x00007f86e40cb000 nmethod 10608 0x00007f86d53135d0 code [0x00007f86d5313760, 0x00007f86d5313ae8]
Event: 159.626 Thread 0x00007f86e40cb000 10610       3       org.eclipse.jetty.http.HttpParser::parsedHeader (537 bytes)
Event: 159.629 Thread 0x00007f86e40cb000 nmethod 10610 0x00007f86d5d30d10 code [0x00007f86d5d310e0, 0x00007f86d5d33908]
Event: 159.629 Thread 0x00007f86e40cb000 10609       1       org.eclipse.jetty.http.MetaData$Request::getURI (5 bytes)
Event: 159.629 Thread 0x00007f86e40cb000 nmethod 10609 0x00007f86d61abb90 code [0x00007f86d61abce0, 0x00007f86d61abdf0]
Event: 159.629 Thread 0x00007f86e40cb000 10611       1       org.eclipse.jetty.http.MetaData::getFields (5 bytes)
Event: 159.629 Thread 0x00007f86e40cb000 nmethod 10611 0x00007f86d5c10a90 code [0x00007f86d5c10be0, 0x00007f86d5c10cf0]
Event: 159.680 Thread 0x00007f86e40c4800 10612       4       org.springframework.core.annotation.AnnotationAwareOrderComparator::findOrder (139 bytes)
Event: 159.680 Thread 0x00007f86e40c9800 10614       4       org.springframework.core.OrderComparator::getOrder (111 bytes)
Event: 159.680 Thread 0x00007f86e40c7800 10613       4       org.springframework.data.util.ClassTypeInformation::hashCode (5 bytes)

GC Heap History (10 events):
Event: 37.090 GC heap before
{Heap before GC invocations=19 (full 3):
 PSYoungGen      total 465408K, used 436401K [0x00000006af600000, 0x00000006d8b00000, 0x00000007c0000000)
  eden space 432640K, 100% used [0x00000006af600000,0x00000006c9c80000,0x00000006c9c80000)
  from space 32768K, 11% used [0x00000006c9c80000,0x00000006ca02c4f0,0x00000006cbc80000)
  to   space 31232K, 0% used [0x00000006d6c80000,0x00000006d6c80000,0x00000006d8b00000)
 ParOldGen       total 1213440K, used 45443K [0x000000048e200000, 0x00000004d8300000, 0x00000006af600000)
  object space 1213440K, 3% used [0x000000048e200000,0x0000000490e60fd8,0x00000004d8300000)
 Metaspace       used 58384K, capacity 59610K, committed 59796K, reserved 1101824K
  class space    used 7172K, capacity 7423K, committed 7424K, reserved 1048576K
Event: 37.096 GC heap after
Heap after GC invocations=19 (full 3):
 PSYoungGen      total 613888K, used 288K [0x00000006af600000, 0x00000006d7b00000, 0x00000007c0000000)
  eden space 599040K, 0% used [0x00000006af600000,0x00000006af600000,0x00000006d3f00000)
  from space 14848K, 1% used [0x00000006d6c80000,0x00000006d6cc8000,0x00000006d7b00000)
  to   space 30720K, 0% used [0x00000006d3f00000,0x00000006d3f00000,0x00000006d5d00000)
 ParOldGen       total 1213440K, used 45451K [0x000000048e200000, 0x00000004d8300000, 0x00000006af600000)
  object space 1213440K, 3% used [0x000000048e200000,0x0000000490e62fd8,0x00000004d8300000)
 Metaspace       used 58384K, capacity 59610K, committed 59796K, reserved 1101824K
  class space    used 7172K, capacity 7423K, committed 7424K, reserved 1048576K
}
Event: 50.276 GC heap before
{Heap before GC invocations=20 (full 3):
 PSYoungGen      total 613888K, used 599066K [0x00000006af600000, 0x00000006d7b00000, 0x00000007c0000000)
  eden space 599040K, 99% used [0x00000006af600000,0x00000006d3ebebd8,0x00000006d3f00000)
  from space 14848K, 1% used [0x00000006d6c80000,0x00000006d6cc8000,0x00000006d7b00000)
  to   space 30720K, 0% used [0x00000006d3f00000,0x00000006d3f00000,0x00000006d5d00000)
 ParOldGen       total 1213440K, used 45451K [0x000000048e200000, 0x00000004d8300000, 0x00000006af600000)
  object space 1213440K, 3% used [0x000000048e200000,0x0000000490e62fd8,0x00000004d8300000)
 Metaspace       used 59012K, capacity 60230K, committed 60436K, reserved 1101824K
  class space    used 7204K, capacity 7457K, committed 7552K, reserved 1048576K
Event: 50.281 GC heap after
Heap after GC invocations=20 (full 3):
 PSYoungGen      total 629760K, used 2459K [0x00000006af600000, 0x00000006dfe00000, 0x00000007c0000000)
  eden space 599040K, 0% used [0x00000006af600000,0x00000006af600000,0x00000006d3f00000)
  from space 30720K, 8% used [0x00000006d3f00000,0x00000006d4166f68,0x00000006d5d00000)
  to   space 29184K, 0% used [0x00000006de180000,0x00000006de180000,0x00000006dfe00000)
 ParOldGen       total 1213440K, used 45459K [0x000000048e200000, 0x00000004d8300000, 0x00000006af600000)
  object space 1213440K, 3% used [0x000000048e200000,0x0000000490e64fd8,0x00000004d8300000)
 Metaspace       used 59012K, capacity 60230K, committed 60436K, reserved 1101824K
  class space    used 7204K, capacity 7457K, committed 7552K, reserved 1048576K
}
Event: 50.835 GC heap before
{Heap before GC invocations=21 (full 3):
 PSYoungGen      total 629760K, used 600132K [0x00000006af600000, 0x00000006dfe00000, 0x00000007c0000000)
  eden space 599040K, 99% used [0x00000006af600000,0x00000006d3daa098,0x00000006d3f00000)
  from space 30720K, 8% used [0x00000006d3f00000,0x00000006d4166f68,0x00000006d5d00000)
  to   space 29184K, 0% used [0x00000006de180000,0x00000006de180000,0x00000006dfe00000)
 ParOldGen       total 1213440K, used 45459K [0x000000048e200000, 0x00000004d8300000, 0x00000006af600000)
  object space 1213440K, 3% used [0x000000048e200000,0x0000000490e64fd8,0x00000004d8300000)
 Metaspace       used 59028K, capacity 60294K, committed 60692K, reserved 1101824K
  class space    used 7204K, capacity 7457K, committed 7552K, reserved 1048576K
Event: 50.841 GC heap after
Heap after GC invocations=21 (full 3):
 PSYoungGen      total 735744K, used 2108K [0x00000006af600000, 0x00000006dee80000, 0x00000007c0000000)
  eden space 722432K, 0% used [0x00000006af600000,0x00000006af600000,0x00000006db780000)
  from space 13312K, 15% used [0x00000006de180000,0x00000006de38f160,0x00000006dee80000)
  to   space 28160K, 0% used [0x00000006db780000,0x00000006db780000,0x00000006dd300000)
 ParOldGen       total 1213440K, used 45627K [0x000000048e200000, 0x00000004d8300000, 0x00000006af600000)
  object space 1213440K, 3% used [0x000000048e200000,0x0000000490e8ee78,0x00000004d8300000)
 Metaspace       used 59028K, capacity 60294K, committed 60692K, reserved 1101824K
  class space    used 7204K, capacity 7457K, committed 7552K, reserved 1048576K
}
Event: 52.375 GC heap before
{Heap before GC invocations=22 (full 3):
 PSYoungGen      total 735744K, used 724034K [0x00000006af600000, 0x00000006dee80000, 0x00000007c0000000)
  eden space 722432K, 99% used [0x00000006af600000,0x00000006db7017b0,0x00000006db780000)
  from space 13312K, 15% used [0x00000006de180000,0x00000006de38f160,0x00000006dee80000)
  to   space 28160K, 0% used [0x00000006db780000,0x00000006db780000,0x00000006dd300000)
 ParOldGen       total 1213440K, used 45627K [0x000000048e200000, 0x00000004d8300000, 0x00000006af600000)
  object space 1213440K, 3% used [0x000000048e200000,0x0000000490e8ee78,0x00000004d8300000)
 Metaspace       used 59028K, capacity 60294K, committed 60692K, reserved 1101824K
  class space    used 7204K, capacity 7457K, committed 7552K, reserved 1048576K
Event: 52.688 GC heap after
Heap after GC invocations=22 (full 3):
 PSYoungGen      total 750592K, used 2605K [0x00000006af600000, 0x00000006ea180000, 0x00000007c0000000)
  eden space 722432K, 0% used [0x00000006af600000,0x00000006af600000,0x00000006db780000)
  from space 28160K, 9% used [0x00000006db780000,0x00000006dba0b660,0x00000006dd300000)
  to   space 27136K, 0% used [0x00000006e8700000,0x00000006e8700000,0x00000006ea180000)
 ParOldGen       total 1213440K, used 45659K [0x000000048e200000, 0x00000004d8300000, 0x00000006af600000)
  object space 1213440K, 3% used [0x000000048e200000,0x0000000490e96e78,0x00000004d8300000)
 Metaspace       used 59028K, capacity 60294K, committed 60692K, reserved 1101824K
  class space    used 7204K, capacity 7457K, committed 7552K, reserved 1048576K
}
Event: 54.268 GC heap before
{Heap before GC invocations=23 (full 3):
 PSYoungGen      total 750592K, used 725037K [0x00000006af600000, 0x00000006ea180000, 0x00000007c0000000)
  eden space 722432K, 100% used [0x00000006af600000,0x00000006db780000,0x00000006db780000)
  from space 28160K, 9% used [0x00000006db780000,0x00000006dba0b660,0x00000006dd300000)
  to   space 27136K, 0% used [0x00000006e8700000,0x00000006e8700000,0x00000006ea180000)
 ParOldGen       total 1213440K, used 45659K [0x000000048e200000, 0x00000004d8300000, 0x00000006af600000)
  object space 1213440K, 3% used [0x000000048e200000,0x0000000490e96e78,0x00000004d8300000)
 Metaspace       used 59034K, capacity 60294K, committed 60692K, reserved 1101824K
  class space    used 7205K, capacity 7457K, committed 7552K, reserved 1048576K
Event: 54.448 GC heap after
Heap after GC invocations=23 (full 3):
 PSYoungGen      total 936960K, used 4106K [0x00000006af600000, 0x00000006ea280000, 0x00000007c0000000)
  eden space 909824K, 0% used [0x00000006af600000,0x00000006af600000,0x00000006e6e80000)
  from space 27136K, 15% used [0x00000006e8700000,0x00000006e8b02a08,0x00000006ea180000)
  to   space 25088K, 0% used [0x00000006e6e80000,0x00000006e6e80000,0x00000006e8700000)
 ParOldGen       total 1213440K, used 45675K [0x000000048e200000, 0x00000004d8300000, 0x00000006af600000)
  object space 1213440K, 3% used [0x000000048e200000,0x0000000490e9ae78,0x00000004d8300000)
 Metaspace       used 59034K, capacity 60294K, committed 60692K, reserved 1101824K
  class space    used 7205K, capacity 7457K, committed 7552K, reserved 1048576K
}

Deoptimization events (10 events):
Event: 139.857 Thread 0x00007f862c00f000 Uncommon trap: reason=unstable_if action=reinterpret pc=0x00007f86d5da9094 method=java.util.concurrent.locks.ReentrantReadWriteLock$Sync.tryAcquireShared(I)I @ 60
Event: 139.857 Thread 0x00007f862c01c800 Uncommon trap: reason=unstable_if action=reinterpret pc=0x00007f86d6377e44 method=java.util.concurrent.locks.ReentrantReadWriteLock$Sync.tryReleaseShared(I)Z @ 135
Event: 139.857 Thread 0x00007f862c01c800 Uncommon trap: reason=unstable_if action=reinterpret pc=0x00007f86d5c120e4 method=java.util.concurrent.locks.ReentrantReadWriteLock$Sync.tryAcquireShared(I)I @ 60
Event: 139.859 Thread 0x00007f862c00f000 Uncommon trap: reason=unstable_if action=reinterpret pc=0x00007f86d597a1bc method=java.util.concurrent.locks.ReentrantReadWriteLock$Sync.tryReleaseShared(I)Z @ 9
Event: 139.859 Thread 0x00007f862c01c800 Uncommon trap: reason=unstable_if action=reinterpret pc=0x00007f86d597a1bc method=java.util.concurrent.locks.ReentrantReadWriteLock$Sync.tryReleaseShared(I)Z @ 9
Event: 139.865 Thread 0x00007f862c00f000 Uncommon trap: reason=null_check action=make_not_entrant pc=0x00007f86d687c38c method=org.springframework.data.mapping.model.SimpleTypeHolder.isSimpleType(Ljava/lang/Class;)Z @ 59
Event: 139.900 Thread 0x00007f862c00f000 Uncommon trap: reason=unstable_if action=reinterpret pc=0x00007f86d5e26f34 method=org.springframework.util.ReflectionUtils.makeAccessible(Ljava/lang/reflect/Field;)V @ 37
Event: 139.904 Thread 0x00007f862c00f000 Uncommon trap: reason=null_check action=make_not_entrant pc=0x00007f86d6926228 method=org.springframework.data.mapping.model.AbstractPersistentProperty.getGetter()Ljava/lang/reflect/Method; @ 31
Event: 139.909 Thread 0x00007f862c00f000 Uncommon trap: reason=unstable_if action=reinterpret pc=0x00007f86d5f516bc method=org.springframework.data.mongodb.core.mapping.CachingMongoPersistentProperty.getFieldName()Ljava/lang/String; @ 4
Event: 141.387 Thread 0x00007f862c00f000 Uncommon trap: reason=unstable_if action=reinterpret pc=0x00007f86d687eff4 method=com.mongodb.DBObjectCodec.writeValue(Lorg/bson/BsonWriter;Lorg/bson/codecs/EncoderContext;Ljava/lang/Object;)V @ 46

Internal exceptions (10 events):
Event: 139.897 Thread 0x00007f862c00f000 Exception <a 'java/lang/ClassNotFoundException': org/joda/time/base/BaseDateTimeCustomizer> (0x00000006d49ef278) thrown at [/HUDSON3/workspace/8-2-build-linux-amd64/jdk8u111/7883/hotspot/src/share/vm/classfile/systemDictionary.cpp, line 210]
Event: 139.897 Thread 0x00007f862c00f000 Exception <a 'java/lang/ClassNotFoundException': org/joda/time/DateTimeCustomizer> (0x00000006d4a03438) thrown at [/HUDSON3/workspace/8-2-build-linux-amd64/jdk8u111/7883/hotspot/src/share/vm/classfile/systemDictionary.cpp, line 210]
Event: 139.899 Thread 0x00007f862c00f000 Exception <a 'java/lang/ClassNotFoundException': org/joda/time/ReadableDateTimeCustomizer> (0x00000006d4a9e0c8) thrown at [/HUDSON3/workspace/8-2-build-linux-amd64/jdk8u111/7883/hotspot/src/share/vm/classfile/systemDictionary.cpp, line 210]
Event: 139.899 Thread 0x00007f862c00f000 Exception <a 'java/lang/ClassNotFoundException': java/io/SerializableCustomizer> (0x00000006d4ab39c8) thrown at [/HUDSON3/workspace/8-2-build-linux-amd64/jdk8u111/7883/hotspot/src/share/vm/classfile/systemDictionary.cpp, line 210]
Event: 139.899 Thread 0x00007f862c00f000 Exception <a 'java/lang/ClassNotFoundException': org/joda/time/ReadableDateTimeCustomizer> (0x00000006d4ac2008) thrown at [/HUDSON3/workspace/8-2-build-linux-amd64/jdk8u111/7883/hotspot/src/share/vm/classfile/systemDictionary.cpp, line 210]
Event: 139.899 Thread 0x00007f862c00f000 Exception <a 'java/lang/ClassNotFoundException': java/io/SerializableCustomizer> (0x00000006d4ad64c8) thrown at [/HUDSON3/workspace/8-2-build-linux-amd64/jdk8u111/7883/hotspot/src/share/vm/classfile/systemDictionary.cpp, line 210]
Event: 139.900 Thread 0x00007f862c00f000 Exception <a 'java/lang/ClassNotFoundException': org/joda/time/ReadableDateTimeCustomizer> (0x00000006d4ae4ab0) thrown at [/HUDSON3/workspace/8-2-build-linux-amd64/jdk8u111/7883/hotspot/src/share/vm/classfile/systemDictionary.cpp, line 210]
Event: 139.900 Thread 0x00007f862c00f000 Exception <a 'java/lang/ClassNotFoundException': org/joda/time/ReadableInstantCustomizer> (0x00000006d4b00b38) thrown at [/HUDSON3/workspace/8-2-build-linux-amd64/jdk8u111/7883/hotspot/src/share/vm/classfile/systemDictionary.cpp, line 210]
Event: 139.901 Thread 0x00007f862c00f000 Exception <a 'java/lang/ClassNotFoundException': java/lang/ObjectCustomizer> (0x00000006d6e0ad70) thrown at [/HUDSON3/workspace/8-2-build-linux-amd64/jdk8u111/7883/hotspot/src/share/vm/classfile/systemDictionary.cpp, line 210]
Event: 139.902 Thread 0x00007f862c00f000 Exception <a 'java/lang/ClassNotFoundException': org/joda/time/ChronologyCustomizer> (0x00000006d6e1b820) thrown at [/HUDSON3/workspace/8-2-build-linux-amd64/jdk8u111/7883/hotspot/src/share/vm/classfile/systemDictionary.cpp, line 210]

Events (10 events):
Event: 141.386 loading class org/springframework/data/mongodb/core/convert/QueryMapper$Keyword
Event: 141.386 loading class org/springframework/data/mongodb/core/convert/QueryMapper$Keyword done
Event: 141.387 Thread 0x00007f862c00f000 Uncommon trap: trap_request=0xffffff65 fr.pc=0x00007f86d687eff4
Event: 141.390 Thread 0x00007f862c00f000 DEOPT PACKING pc=0x00007f86d687eff4 sp=0x00007f865b0f32e0
Event: 141.392 Thread 0x00007f862c00f000 DEOPT UNPACKING pc=0x00007f86d4bdf229 sp=0x00007f865b0f3298 mode 2
Event: 159.680 Executing VM operation: RevokeBias
Event: 159.682 Executing VM operation: RevokeBias done
Event: 159.682 Executing VM operation: RevokeBias
Event: 159.683 Executing VM operation: RevokeBias done
Event: 159.683 Executing VM operation: RevokeBias


Dynamic libraries:
00400000-00401000 r-xp 00000000 00:62 14191                              /usr/lib/jvm/java-8-oracle/bin/java
00600000-00601000 rw-p 00000000 00:62 14191                              /usr/lib/jvm/java-8-oracle/bin/java
02345000-02366000 rw-p 00000000 00:00 0                                  [heap]
48e200000-4d8300000 rw-p 00000000 00:00 0 
4d8300000-6af600000 ---p 00000000 00:00 0 
6af600000-6ea280000 rw-p 00000000 00:00 0 
6ea280000-7c0000000 ---p 00000000 00:00 0 
7c0000000-7c0760000 rw-p 00000000 00:00 0 
7c0760000-800000000 ---p 00000000 00:00 0 
7f8604000000-7f8604021000 rw-p 00000000 00:00 0 
7f8604021000-7f8608000000 ---p 00000000 00:00 0 
7f8608000000-7f8608021000 rw-p 00000000 00:00 0 
7f8608021000-7f860c000000 ---p 00000000 00:00 0 
7f860c000000-7f860c021000 rw-p 00000000 00:00 0 
7f860c021000-7f8610000000 ---p 00000000 00:00 0 
7f8610000000-7f8610021000 rw-p 00000000 00:00 0 
7f8610021000-7f8614000000 ---p 00000000 00:00 0 
7f8614000000-7f86142de000 rw-p 00000000 00:00 0 
7f86142de000-7f8618000000 ---p 00000000 00:00 0 
7f8618000000-7f8618045000 rw-p 00000000 00:00 0 
7f8618045000-7f861c000000 ---p 00000000 00:00 0 
7f861c000000-7f861c021000 rw-p 00000000 00:00 0 
7f861c021000-7f8620000000 ---p 00000000 00:00 0 
7f8620000000-7f8620021000 rw-p 00000000 00:00 0 
7f8620021000-7f8624000000 ---p 00000000 00:00 0 
7f8624000000-7f8624029000 rw-p 00000000 00:00 0 
7f8624029000-7f8628000000 ---p 00000000 00:00 0 
7f8628000000-7f862803f000 rw-p 00000000 00:00 0 
7f862803f000-7f862c000000 ---p 00000000 00:00 0 
7f862c000000-7f862c088000 rw-p 00000000 00:00 0 
7f862c088000-7f8630000000 ---p 00000000 00:00 0 
7f8630000000-7f86300eb000 rw-p 00000000 00:00 0 
7f86300eb000-7f8634000000 ---p 00000000 00:00 0 
7f8634000000-7f8634021000 rw-p 00000000 00:00 0 
7f8634021000-7f8638000000 ---p 00000000 00:00 0 
7f8638000000-7f8638021000 rw-p 00000000 00:00 0 
7f8638021000-7f863c000000 ---p 00000000 00:00 0 
7f863c000000-7f863c021000 rw-p 00000000 00:00 0 
7f863c021000-7f8640000000 ---p 00000000 00:00 0 
7f8640000000-7f8640021000 rw-p 00000000 00:00 0 
7f8640021000-7f8644000000 ---p 00000000 00:00 0 
7f8644000000-7f8644021000 rw-p 00000000 00:00 0 
7f8644021000-7f8648000000 ---p 00000000 00:00 0 
7f8648000000-7f8648021000 rw-p 00000000 00:00 0 
7f8648021000-7f864c000000 ---p 00000000 00:00 0 
7f864c000000-7f864c021000 rw-p 00000000 00:00 0 
7f864c021000-7f8650000000 ---p 00000000 00:00 0 
7f8650000000-7f8650021000 rw-p 00000000 00:00 0 
7f8650021000-7f8654000000 ---p 00000000 00:00 0 
7f8654000000-7f8654021000 rw-p 00000000 00:00 0 
7f8654021000-7f8658000000 ---p 00000000 00:00 0 
7f8659f44000-7f865a133000 rw-p 00000000 00:00 0 
7f865a133000-7f865a144000 ---p 00000000 00:00 0 
7f865a144000-7f865a147000 ---p 00000000 00:00 0 
7f865a147000-7f865a245000 rw-p 00000000 00:00 0                          [stack:10839]
7f865a245000-7f865a248000 ---p 00000000 00:00 0 
7f865a248000-7f865a346000 rw-p 00000000 00:00 0                          [stack:10838]
7f865a346000-7f865a349000 ---p 00000000 00:00 0 
7f865a349000-7f865a447000 rw-p 00000000 00:00 0                          [stack:10829]
7f865a447000-7f865a44a000 ---p 00000000 00:00 0 
7f865a44a000-7f865a548000 rw-p 00000000 00:00 0 
7f865a548000-7f865a54b000 ---p 00000000 00:00 0 
7f865a54b000-7f865a649000 rw-p 00000000 00:00 0                          [stack:10827]
7f865a649000-7f865a64c000 ---p 00000000 00:00 0 
7f865a64c000-7f865a74a000 rw-p 00000000 00:00 0                          [stack:10826]
7f865a74a000-7f865a74d000 ---p 00000000 00:00 0 
7f865a74d000-7f865a84b000 rw-p 00000000 00:00 0                          [stack:10825]
7f865a84b000-7f865a84e000 ---p 00000000 00:00 0 
7f865a84e000-7f865a94c000 rw-p 00000000 00:00 0 
7f865a94c000-7f865a94f000 ---p 00000000 00:00 0 
7f865a94f000-7f865aa4d000 rw-p 00000000 00:00 0                          [stack:10823]
7f865ab22000-7f865ad22000 rw-p 00000000 00:00 0 
7f865ad22000-7f865ad25000 ---p 00000000 00:00 0 
7f865ad25000-7f865ae23000 rw-p 00000000 00:00 0                          [stack:10820]
7f865aef5000-7f865aef8000 ---p 00000000 00:00 0 
7f865aef8000-7f865aff6000 rw-p 00000000 00:00 0                          [stack:10822]
7f865aff6000-7f865aff9000 ---p 00000000 00:00 0 
7f865aff9000-7f865b2f7000 rw-p 00000000 00:00 0                          [stack:10821]
7f865b2f7000-7f865b4f7000 rw-p 00000000 00:00 0 
7f865b4f7000-7f865b6f7000 rw-p 00000000 00:00 0 
7f865b6f7000-7f865b6fa000 ---p 00000000 00:00 0 
7f865b6fa000-7f865b7f8000 rw-p 00000000 00:00 0                          [stack:10810]
7f865b7f8000-7f865b7fb000 ---p 00000000 00:00 0 
7f865b7fb000-7f865b8f9000 rw-p 00000000 00:00 0                          [stack:10809]
7f865b8f9000-7f865b8fc000 ---p 00000000 00:00 0 
7f865b8fc000-7f865b9fa000 rw-p 00000000 00:00 0                          [stack:10808]
7f865b9fa000-7f865b9fd000 ---p 00000000 00:00 0 
7f865b9fd000-7f865bafb000 rw-p 00000000 00:00 0                          [stack:10807]
7f865bafb000-7f865bafe000 ---p 00000000 00:00 0 
7f865bafe000-7f865bbfc000 rw-p 00000000 00:00 0                          [stack:10806]
7f865bbfc000-7f865bbff000 ---p 00000000 00:00 0 
7f865bbff000-7f865bcfd000 rw-p 00000000 00:00 0                          [stack:10805]
7f865bcfd000-7f865bd00000 ---p 00000000 00:00 0 
7f865bd00000-7f865bdfe000 rw-p 00000000 00:00 0                          [stack:10804]
7f865bdfe000-7f865be01000 ---p 00000000 00:00 0 
7f865be01000-7f865beff000 rw-p 00000000 00:00 0                          [stack:10803]
7f865beff000-7f865bf02000 ---p 00000000 00:00 0 
7f865bf02000-7f865c000000 rw-p 00000000 00:00 0                          [stack:10802]
7f865c000000-7f865c14c000 rw-p 00000000 00:00 0 
7f865c14c000-7f8660000000 ---p 00000000 00:00 0 
7f8660000000-7f8660021000 rw-p 00000000 00:00 0 
7f8660021000-7f8664000000 ---p 00000000 00:00 0 
7f8664000000-7f8664021000 rw-p 00000000 00:00 0 
7f8664021000-7f8668000000 ---p 00000000 00:00 0 
7f8668000000-7f8669370000 rw-p 00000000 00:00 0 
7f8669370000-7f866c000000 ---p 00000000 00:00 0 
7f866c000000-7f866d2a8000 rw-p 00000000 00:00 0 
7f866d2a8000-7f8670000000 ---p 00000000 00:00 0 
7f8670000000-7f8670021000 rw-p 00000000 00:00 0 
7f8670021000-7f8674000000 ---p 00000000 00:00 0 
7f8674000000-7f8675fe8000 rw-p 00000000 00:00 0 
7f8675fe8000-7f8678000000 ---p 00000000 00:00 0 
7f8678000000-7f86799dd000 rw-p 00000000 00:00 0 
7f86799dd000-7f867c000000 ---p 00000000 00:00 0 
7f867c000000-7f867c021000 rw-p 00000000 00:00 0 
7f867c021000-7f8680000000 ---p 00000000 00:00 0 
7f8680000000-7f86819f6000 rw-p 00000000 00:00 0 
7f86819f6000-7f8684000000 ---p 00000000 00:00 0 
7f8684000000-7f8684021000 rw-p 00000000 00:00 0 
7f8684021000-7f8688000000 ---p 00000000 00:00 0 
7f8688000000-7f8688021000 rw-p 00000000 00:00 0 
7f8688021000-7f868c000000 ---p 00000000 00:00 0 
7f868c000000-7f868c1a5000 rw-p 00000000 00:00 0 
7f868c1a5000-7f8690000000 ---p 00000000 00:00 0 
7f869002c000-7f869002e000 rw-p 00000000 00:00 0 
7f869002e000-7f8690031000 ---p 00000000 00:00 0 
7f8690031000-7f869032f000 rw-p 00000000 00:00 0                          [stack:10801]
7f869032f000-7f8690342000 r--s 00345000 00:62 12526                      /usr/lib/jvm/java-8-oracle/jre/lib/resources.jar
7f8690342000-7f8690542000 rw-p 00000000 00:00 0 
7f8690542000-7f8690742000 rw-p 00000000 00:00 0 
7f8690742000-7f8690942000 rw-p 00000000 00:00 0 
7f8690942000-7f8690b42000 rw-p 00000000 00:00 0 
7f8690b42000-7f8690bd8000 r--s 01103000 00:62 12541                      /usr/lib/jvm/java-8-oracle/jre/lib/ext/jfxrt.jar
7f8690bd8000-7f8690dce000 rw-p 00000000 00:00 0 
7f8690dce000-7f8690dd8000 ---p 00000000 00:00 0 
7f8690dd8000-7f8690ddd000 r--s 002f9000 00:62 12513                      /usr/lib/jvm/java-8-oracle/jre/lib/charsets.jar
7f8690ddd000-7f8690de0000 ---p 00000000 00:00 0 
7f8690de0000-7f86910de000 rw-p 00000000 00:00 0                          [stack:10800]
7f86910de000-7f86912de000 rw-p 00000000 00:00 0 
7f86912de000-7f86914de000 rw-p 00000000 00:00 0 
7f86914de000-7f86914f9000 r--s 001d2000 00:62 12540                      /usr/lib/jvm/java-8-oracle/jre/lib/ext/nashorn.jar
7f86914f9000-7f86916f9000 rw-p 00000000 00:00 0 
7f86916f9000-7f8691702000 r-xp 00000000 00:62 12429                      /usr/lib/jvm/java-8-oracle/jre/lib/amd64/libmanagement.so
7f8691702000-7f8691901000 ---p 00009000 00:62 12429                      /usr/lib/jvm/java-8-oracle/jre/lib/amd64/libmanagement.so
7f8691901000-7f8691902000 rw-p 00008000 00:62 12429                      /usr/lib/jvm/java-8-oracle/jre/lib/amd64/libmanagement.so
7f8691902000-7f8691905000 ---p 00000000 00:00 0 
7f8691905000-7f8691a03000 rw-p 00000000 00:00 0                          [stack:10836]
7f8691a03000-7f8691a06000 r--s 0000b000 00:62 23447                      /home/ubuntu/.m2/repository/com/fasterxml/jackson/core/jackson-annotations/2.8.4/jackson-annotations-2.8.4.jar
7f8691a06000-7f8691a0d000 r--s 00065000 00:62 23427                      /home/ubuntu/.m2/repository/org/eclipse/jetty/jetty-util/9.3.14.v20161028/jetty-util-9.3.14.v20161028.jar
7f8691a0d000-7f8691a12000 r--s 0002a000 00:62 23493                      /home/ubuntu/.m2/repository/org/springframework/hateoas/spring-hateoas/0.20.0.RELEASE/spring-hateoas-0.20.0.RELEASE.jar
7f8691a12000-7f8691a22000 r--s 00091000 00:62 23546                      /home/ubuntu/.m2/repository/org/springframework/boot/spring-boot/1.4.2.RELEASE/spring-boot-1.4.2.RELEASE.jar
7f8691a22000-7f8691c22000 rw-p 00000000 00:00 0 
7f8691c22000-7f8691c24000 r--s 0000f000 00:62 23479                      /home/ubuntu/.m2/repository/org/jboss/logging/jboss-logging/3.3.0.Final/jboss-logging-3.3.0.Final.jar
7f8691c24000-7f8691c26000 r--s 0000e000 00:62 23480                      /home/ubuntu/.m2/repository/com/fasterxml/classmate/1.3.3/classmate-1.3.3.jar
7f8691c26000-7f8691c2b000 r--s 0003c000 00:62 23515                      /home/ubuntu/.m2/repository/org/springframework/spring-expression/4.3.4.RELEASE/spring-expression-4.3.4.RELEASE.jar
7f8691c2b000-7f8691c2c000 r--s 00004000 00:62 23494                      /home/ubuntu/.m2/repository/org/springframework/plugin/spring-plugin-core/1.2.0.RELEASE/spring-plugin-core-1.2.0.RELEASE.jar
7f8691c2c000-7f8691c49000 r--s 000d0000 00:62 23551                      /home/ubuntu/.m2/repository/org/springframework/boot/spring-boot-autoconfigure/1.4.2.RELEASE/spring-boot-autoconfigure-1.4.2.RELEASE.jar
7f8691c49000-7f8691c5a000 r--s 0008a000 00:62 23545                      /home/ubuntu/.m2/repository/joda-time/joda-time/2.9.6/joda-time-2.9.6.jar
7f8691c5a000-7f8691c5c000 r--s 0001b000 00:62 23437                      /home/ubuntu/.m2/repository/org/eclipse/jetty/jetty-servlet/9.3.14.v20161028/jetty-servlet-9.3.14.v20161028.jar
7f8691c5c000-7f8691c5f000 r--s 00022000 00:62 23426                      /home/ubuntu/.m2/repository/org/eclipse/jetty/jetty-http/9.3.14.v20161028/jetty-http-9.3.14.v20161028.jar
7f8691c5f000-7f8691c79000 r--s 000fc000 00:62 23508                      /home/ubuntu/.m2/repository/org/springframework/spring-context/4.3.4.RELEASE/spring-context-4.3.4.RELEASE.jar
7f8691c79000-7f8691c7a000 r--s 00000000 00:62 23463                      /home/ubuntu/.m2/repository/org/springframework/boot/spring-boot-starter-web/1.4.2.RELEASE/spring-boot-starter-web-1.4.2.RELEASE.jar
7f8691c7a000-7f8691c7d000 r--s 00015000 00:62 23423                      /home/ubuntu/.m2/repository/javax/servlet/javax.servlet-api/3.1.0/javax.servlet-api-3.1.0.jar
7f8691c7d000-7f8691c8d000 r--s 0009d000 00:62 23505                      /home/ubuntu/.m2/repository/org/springframework/data/spring-data-mongodb/1.9.5.RELEASE/spring-data-mongodb-1.9.5.RELEASE.jar
7f8691c8d000-7f8691c8f000 r--s 00009000 00:62 23419                      /home/ubuntu/.m2/repository/org/slf4j/slf4j-api/1.7.21/slf4j-api-1.7.21.jar
7f8691c8f000-7f8691ca8000 r--s 0010b000 00:62 23562                      /home/ubuntu/.m2/repository/org/apache/logging/log4j/log4j-core/2.6.2/log4j-core-2.6.2.jar
7f8691ca8000-7f8691cba000 r--s 000cd000 00:62 23502                      /home/ubuntu/.m2/repository/org/mongodb/mongodb-driver-core/3.2.2/mongodb-driver-core-3.2.2.jar
7f8691cba000-7f8691cbf000 r--s 00033000 00:62 23503                      /home/ubuntu/.m2/repository/org/mongodb/bson/3.2.2/bson-3.2.2.jar
7f8691cbf000-7f8691cc2000 r--s 00015000 00:62 23438                      /home/ubuntu/.m2/repository/org/eclipse/jetty/jetty-security/9.3.14.v20161028/jetty-security-9.3.14.v20161028.jar
7f8691cc2000-7f8691cdd000 r--s 00152000 00:62 23443                      /home/ubuntu/.m2/repository/org/freemarker/freemarker/2.3.25-incubating/freemarker-2.3.25-incubating.jar
7f8691cdd000-7f8691ce3000 r--s 0004f000 00:62 23501                      /home/ubuntu/.m2/repository/org/mongodb/mongodb-driver/3.2.2/mongodb-driver-3.2.2.jar
7f8691ce3000-7f8691ce8000 r--s 00036000 00:62 23474                      /home/ubuntu/.m2/repository/org/apache/tomcat/embed/tomcat-embed-websocket/8.5.6/tomcat-embed-websocket-8.5.6.jar
7f8691ce8000-7f8691cf1000 r--s 00054000 00:62 23485                      /home/ubuntu/.m2/repository/org/springframework/spring-aop/4.3.4.RELEASE/spring-aop-4.3.4.RELEASE.jar
7f8691cf1000-7f8691cf6000 r--s 00036000 00:62 23471                      /home/ubuntu/.m2/repository/org/apache/tomcat/embed/tomcat-embed-el/8.5.6/tomcat-embed-el-8.5.6.jar
7f8691cf6000-7f8691d07000 r--s 000b6000 00:62 23481                      /home/ubuntu/.m2/repository/org/springframework/spring-web/4.3.4.RELEASE/spring-web-4.3.4.RELEASE.jar
7f8691d07000-7f8691d08000 r--s 00002000 00:62 23421                      /home/ubuntu/.m2/repository/org/slf4j/slf4j-simple/1.7.21/slf4j-simple-1.7.21.jar
7f8691d08000-7f8691d09000 r--s 00000000 00:62 23440                      /home/ubuntu/.m2/repository/com/sparkjava/spark-template-freemarker/2.3/spark-template-freemarker-2.3.jar
7f8691d09000-7f8691d0a000 r--s 00000000 00:62 23462                      /home/ubuntu/.m2/repository/org/springframework/boot/spring-boot-starter-data-rest/1.4.2.RELEASE/spring-boot-starter-data-rest-1.4.2.RELEASE.jar
7f8691d0a000-7f8691d0f000 r--s 0001b000 00:62 23492                      /home/ubuntu/.m2/repository/org/springframework/data/spring-data-rest-core/2.5.5.RELEASE/spring-data-rest-core-2.5.5.RELEASE.jar
7f8691d0f000-7f8691d11000 r--s 00003000 00:62 23561                      /home/ubuntu/.m2/repository/org/slf4j/jcl-over-slf4j/1.7.21/jcl-over-slf4j-1.7.21.jar
7f8691d11000-7f8691d14000 r--s 0001a000 00:62 23430                      /home/ubuntu/.m2/repository/org/eclipse/jetty/jetty-io/9.3.14.v20161028/jetty-io-9.3.14.v20161028.jar
7f8691d14000-7f8691d18000 r--s 0000c000 00:62 23475                      /home/ubuntu/.m2/repository/javax/validation/validation-api/1.1.0.Final/validation-api-1.1.0.Final.jar
7f8691d18000-7f8691d19000 r--s 00005000 00:62 23556                      /home/ubuntu/.m2/repository/org/apache/logging/log4j/log4j-slf4j-impl/2.6.2/log4j-slf4j-impl-2.6.2.jar
7f8691d19000-7f8691d20000 r--s 0003d000 00:62 23487                      /home/ubuntu/.m2/repository/org/springframework/data/spring-data-rest-webmvc/2.5.5.RELEASE/spring-data-rest-webmvc-2.5.5.RELEASE.jar
7f8691d20000-7f8691d28000 r--s 0003a000 00:62 23509                      /home/ubuntu/.m2/repository/org/springframework/spring-tx/4.3.4.RELEASE/spring-tx-4.3.4.RELEASE.jar
7f8691d28000-7f8691d2c000 r--s 0002d000 00:62 23557                      /home/ubuntu/.m2/repository/org/apache/logging/log4j/log4j-api/2.6.2/log4j-api-2.6.2.jar
7f8691d2c000-7f8691d2d000 r--s 00000000 00:62 23547                      /home/ubuntu/.m2/repository/org/springframework/boot/spring-boot-starter/1.4.2.RELEASE/spring-boot-starter-1.4.2.RELEASE.jar
7f8691d2d000-7f8691d3e000 r--s 00099000 00:62 23520                      /home/ubuntu/.m2/repository/org/springframework/data/spring-data-commons/1.12.5.RELEASE/spring-data-commons-1.12.5.RELEASE.jar
7f8691d3e000-7f8691d42000 r--s 00035000 00:62 23446                      /home/ubuntu/.m2/repository/com/fasterxml/jackson/core/jackson-core/2.5.1/jackson-core-2.5.1.jar
7f8691d42000-7f8691d43000 r--s 00000000 00:62 23555                      /home/ubuntu/.m2/repository/org/springframework/boot/spring-boot-starter-log4j2/1.4.2.RELEASE/spring-boot-starter-log4j2-1.4.2.RELEASE.jar
7f8691d43000-7f8691d44000 r--s 00000000 00:62 23500                      /home/ubuntu/.m2/repository/org/springframework/boot/spring-boot-starter-data-mongodb/1.4.2.RELEASE/spring-boot-starter-data-mongodb-1.4.2.RELEASE.jar
7f8691d44000-7f8691d56000 r--s 000ce000 00:62 23486                      /home/ubuntu/.m2/repository/org/springframework/spring-webmvc/4.3.4.RELEASE/spring-webmvc-4.3.4.RELEASE.jar
7f8691d56000-7f8691d58000 r--s 0000b000 00:62 23435                      /home/ubuntu/.m2/repository/org/eclipse/jetty/jetty-xml/9.3.14.v20161028/jetty-xml-9.3.14.v20161028.jar
7f8691d58000-7f8691d66000 r--s 000ac000 00:62 23514                      /home/ubuntu/.m2/repository/org/springframework/spring-beans/4.3.4.RELEASE/spring-beans-4.3.4.RELEASE.jar
7f8691d66000-7f8691d8f000 r--s 002b2000 00:62 23473                      /home/ubuntu/.m2/repository/org/apache/tomcat/embed/tomcat-embed-core/8.5.6/tomcat-embed-core-8.5.6.jar
7f8691d8f000-7f8691d97000 r--s 00077000 00:62 23422                      /home/ubuntu/.m2/repository/org/eclipse/jetty/jetty-server/9.3.14.v20161028/jetty-server-9.3.14.v20161028.jar
7f8691d97000-7f8691d9d000 r--s 0003d000 00:62 23552                      /home/ubuntu/.m2/repository/org/yaml/snakeyaml/1.17/snakeyaml-1.17.jar
7f8691d9d000-7f8691da0000 r--s 00016000 00:62 23420                      /home/ubuntu/.m2/repository/com/sparkjava/spark-core/2.2/spark-core-2.2.jar
7f8691da0000-7f8691db0000 r--s 0009c000 00:62 23472                      /home/ubuntu/.m2/repository/org/hibernate/hibernate-validator/5.2.4.Final/hibernate-validator-5.2.4.Final.jar
7f8691db0000-7f8691db2000 r--s 00000000 00:62 23563                      /home/ubuntu/.m2/repository/org/slf4j/jul-to-slf4j/1.7.21/jul-to-slf4j-1.7.21.jar
7f8691db2000-7f8691db3000 r--s 00000000 00:62 23468                      /home/ubuntu/.m2/repository/org/springframework/boot/spring-boot-starter-tomcat/1.4.2.RELEASE/spring-boot-starter-tomcat-1.4.2.RELEASE.jar
7f8691db3000-7f8691db5000 r--s 0001a000 00:62 23431                      /home/ubuntu/.m2/repository/org/eclipse/jetty/jetty-webapp/9.3.14.v20161028/jetty-webapp-9.3.14.v20161028.jar
7f8691db5000-7f8691dc7000 r--s 00105000 00:62 23449                      /home/ubuntu/.m2/repository/com/fasterxml/jackson/core/jackson-databind/2.5.1/jackson-databind-2.5.1.jar
7f8691dc7000-7f8691dc9000 r--s 00002000 00:62 23495                      /home/ubuntu/.m2/repository/org/atteo/evo-inflector/1.2.1/evo-inflector-1.2.1.jar
7f8691dc9000-7f8691fc9000 rw-p 00000000 00:00 0 
7f8691fc9000-7f8691ff4000 r--s 001fc000 00:62 24864                      /home/ubuntu/.m2/repository/com/google/guava/guava/18.0/guava-18.0.jar
7f8691ff4000-7f8691ff5000 r--s 00008000 00:62 24862                      /home/ubuntu/.m2/repository/asm/asm-util/3.2/asm-util-3.2.jar
7f8691ff5000-7f8691ff6000 r--s 00004000 00:62 24861                      /home/ubuntu/.m2/repository/asm/asm-analysis/3.2/asm-analysis-3.2.jar
7f8691ff6000-7f8691ff9000 r--s 00013000 00:62 24858                      /home/ubuntu/.m2/repository/commons-io/commons-io/1.3.2/commons-io-1.3.2.jar
7f8691ff9000-7f8691ffa000 r--s 00002000 00:62 24855                      /home/ubuntu/.m2/repository/org/vafer/jdependency/0.7/jdependency-0.7.jar
7f8691ffa000-7f8691ffd000 r--s 0000c000 00:62 24854                      /home/ubuntu/.m2/repository/org/apache/maven/shared/maven-dependency-tree/2.1/maven-dependency-tree-2.1.jar
7f8691ffd000-7f8692000000 r--s 00023000 00:62 24851                      /home/ubuntu/.m2/repository/org/jdom/jdom/1.1/jdom-1.1.jar
7f8692000000-7f8692002000 r--s 00004000 00:62 24849                      /home/ubuntu/.m2/repository/asm/asm-tree/3.3.1/asm-tree-3.3.1.jar
7f8692002000-7f8692004000 r--s 00008000 00:62 24848                      /home/ubuntu/.m2/repository/asm/asm-commons/3.3.1/asm-commons-3.3.1.jar
7f8692004000-7f8692005000 r--s 0000a000 00:62 24846                      /home/ubuntu/.m2/repository/asm/asm/3.3.1/asm-3.3.1.jar
7f8692005000-7f8692010000 r--s 00069000 00:62 24842                      /home/ubuntu/.m2/repository/org/sonatype/sisu/sisu-guice/2.1.7/sisu-guice-2.1.7-noaop.jar
7f8692010000-7f8692015000 r--s 00021000 00:62 24841                      /home/ubuntu/.m2/repository/org/sonatype/sisu/sisu-inject-bean/1.4.2/sisu-inject-bean-1.4.2.jar
7f8692015000-7f8692017000 r--s 00017000 00:62 24840                      /home/ubuntu/.m2/repository/org/apache/maven/plugins/maven-shade-plugin/2.2/maven-shade-plugin-2.2.jar
7f8692017000-7f869201b000 r--s 00038000 00:62 24839                      /home/ubuntu/.m2/repository/org/codehaus/plexus/plexus-utils/3.0.20/plexus-utils-3.0.20.jar
7f869201b000-7f8692022000 r--s 00056000 00:62 24834                      /home/ubuntu/.m2/repository/org/apache/commons/commons-compress/1.9/commons-compress-1.9.jar
7f8692022000-7f8692026000 r--s 0000f000 00:62 24832                      /home/ubuntu/.m2/repository/org/codehaus/plexus/plexus-io/2.3.2/plexus-io-2.3.2.jar
7f8692026000-7f869202a000 r--s 0001f000 00:62 24833                      /home/ubuntu/.m2/repository/org/codehaus/plexus/plexus-archiver/2.8.1/plexus-archiver-2.8.1.jar
7f869202a000-7f869202c000 r--s 00009000 00:62 23451                      /home/ubuntu/.m2/repository/org/hamcrest/hamcrest-core/1.3/hamcrest-core-1.3.jar
7f869202c000-7f8692034000 r--s 00045000 00:62 24830                      /home/ubuntu/.m2/repository/junit/junit/4.12/junit-4.12.jar
7f8692034000-7f869203d000 r--s 0006f000 00:62 24829                      /home/ubuntu/.m2/repository/log4j/log4j/1.2.17/log4j-1.2.17.jar
7f869203d000-7f869203f000 r--s 00006000 00:62 24825                      /home/ubuntu/.m2/repository/org/apache/maven/shared/maven-common-artifact-filters/1.4/maven-common-artifact-filters-1.4.jar
7f869203f000-7f8692041000 r--s 00002000 00:62 24821                      /home/ubuntu/.m2/repository/org/sonatype/plexus/plexus-cipher/1.4/plexus-cipher-1.4.jar
7f8692041000-7f8692042000 r--s 00006000 00:62 24822                      /home/ubuntu/.m2/repository/org/sonatype/plexus/plexus-sec-dispatcher/1.3/plexus-sec-dispatcher-1.3.jar
7f8692042000-7f8692048000 r--s 00042000 00:62 24823                      /home/ubuntu/.m2/repository/org/eclipse/sisu/org.eclipse.sisu.inject/0.0.0.M5/org.eclipse.sisu.inject-0.0.0.M5.jar
7f8692048000-7f869204a000 r--s 00000000 00:62 24819                      /home/ubuntu/.m2/repository/aopalliance/aopalliance/1.0/aopalliance-1.0.jar
7f869204a000-7f8692052000 r--s 00050000 00:62 24816                      /home/ubuntu/.m2/repository/org/sonatype/sisu/sisu-guice/3.1.0/sisu-guice-3.1.0-no_aop.jar
7f8692052000-7f8692053000 r--s 00000000 00:62 24814                      /home/ubuntu/.m2/repository/javax/inject/javax.inject/1/javax.inject-1.jar
7f8692053000-7f8692054000 r--s 00001000 00:62 24813                      /home/ubuntu/.m2/repository/javax/annotation/jsr250-api/1.0/jsr250-api-1.0.jar
7f8692054000-7f8692057000 r--s 00008000 00:62 24811                      /home/ubuntu/.m2/repository/javax/enterprise/cdi-api/1.0/cdi-api-1.0.jar
7f8692057000-7f869205d000 r--s 0002a000 00:62 24806                      /home/ubuntu/.m2/repository/org/eclipse/sisu/org.eclipse.sisu.plexus/0.0.0.M5/org.eclipse.sisu.plexus-0.0.0.M5.jar
7f869205d000-7f8692061000 r--s 00020000 00:62 24807                      /home/ubuntu/.m2/repository/org/eclipse/aether/aether-util/1.0.2.v20150114/aether-util-1.0.2.v20150114.jar
7f8692061000-7f8692066000 r--s 0001d000 00:62 24804                      /home/ubuntu/.m2/repository/org/eclipse/aether/aether-api/1.0.2.v20150114/aether-api-1.0.2.v20150114.jar
7f8692066000-7f869206a000 r--s 00027000 00:62 24802                      /home/ubuntu/.m2/repository/org/eclipse/aether/aether-impl/1.0.2.v20150114/aether-impl-1.0.2.v20150114.jar
7f869206a000-7f869206c000 r--s 00006000 00:62 24801                      /home/ubuntu/.m2/repository/org/eclipse/aether/aether-spi/1.0.2.v20150114/aether-spi-1.0.2.v20150114.jar
7f869206c000-7f869206f000 r--s 0000d000 00:62 24795                      /home/ubuntu/.m2/repository/org/codehaus/plexus/plexus-interpolation/1.21/plexus-interpolation-1.21.jar
7f869206f000-7f8692073000 r--s 00026000 00:62 24794                      /home/ubuntu/.m2/repository/org/apache/maven/shared/maven-shared-utils/0.7/maven-shared-utils-0.7.jar
7f8692073000-7f8692074000 r--s 00005000 00:62 24793                      /home/ubuntu/.m2/repository/org/apache/maven/maven-archiver/2.6/maven-archiver-2.6.jar
7f8692074000-7f8692076000 r--s 0000e000 00:62 24796                      /home/ubuntu/.m2/repository/commons-logging/commons-logging/1.2/commons-logging-1.2.jar
7f8692076000-7f869208c000 r--s 000fa000 00:62 23541                      /home/ubuntu/.m2/repository/org/springframework/spring-core/4.3.4.RELEASE/spring-core-4.3.4.RELEASE.jar
7f869208c000-7f869208f000 r--s 00021000 00:62 24792                      /home/ubuntu/.m2/repository/org/springframework/boot/spring-boot-loader-tools/1.4.2.RELEASE/spring-boot-loader-tools-1.4.2.RELEASE.jar
7f869208f000-7f8692091000 r--s 0000e000 00:62 22711                      /home/ubuntu/.m2/repository/org/springframework/boot/spring-boot-maven-plugin/1.4.2.RELEASE/spring-boot-maven-plugin-1.4.2.RELEASE.jar
7f8692091000-7f8692291000 rw-p 00000000 00:00 0 
7f8692291000-7f8692491000 rw-p 00000000 00:00 0 
7f8692491000-7f8692509000 r--s 010e6000 00:62 13328                      /usr/lib/jvm/java-8-oracle/lib/tools.jar
7f8692509000-7f869250c000 r--s 0001b000 00:62 24260                      /home/ubuntu/.m2/repository/junit/junit/3.8.2/junit-3.8.2.jar
7f869250c000-7f869251a000 r--s 0008f000 00:62 24261                      /home/ubuntu/.m2/repository/com/google/collections/google-collections/1.0/google-collections-1.0.jar
7f869251a000-7f869251b000 r--s 0000a000 00:62 24259                      /home/ubuntu/.m2/repository/commons-logging/commons-logging-api/1.1/commons-logging-api-1.1.jar
7f869251b000-7f8692522000 r--s 00051000 00:62 24254                      /home/ubuntu/.m2/repository/log4j/log4j/1.2.12/log4j-1.2.12.jar
7f8692522000-7f8692526000 r--s 0001d000 00:62 24252                      /home/ubuntu/.m2/repository/org/apache/xbean/xbean-reflect/3.4/xbean-reflect-3.4.jar
7f8692526000-7f8692527000 r--s 00004000 00:62 24253                      /home/ubuntu/.m2/repository/org/codehaus/plexus/plexus-compiler-javac/2.2/plexus-compiler-javac-2.2.jar
7f8692527000-7f8692529000 r--s 00000000 00:62 24251                      /home/ubuntu/.m2/repository/org/codehaus/plexus/plexus-compiler-manager/2.2/plexus-compiler-manager-2.2.jar
7f8692529000-7f869252b000 r--s 00005000 00:62 24250                      /home/ubuntu/.m2/repository/org/codehaus/plexus/plexus-compiler-api/2.2/plexus-compiler-api-2.2.jar
7f869252b000-7f869252d000 r--s 00000000 00:62 24242                      /home/ubuntu/.m2/repository/org/codehaus/plexus/plexus-component-annotations/1.5.5/plexus-component-annotations-1.5.5.jar
7f869252d000-7f869252f000 r--s 00002000 00:62 24241                      /home/ubuntu/.m2/repository/org/apache/maven/shared/maven-shared-incremental/1.1/maven-shared-incremental-1.1.jar
7f869252f000-7f8692531000 r--s 00006000 00:62 24244                      /home/ubuntu/.m2/repository/com/google/code/findbugs/jsr305/2.0.1/jsr305-2.0.1.jar
7f8692531000-7f8692534000 r--s 00023000 00:62 24240                      /home/ubuntu/.m2/repository/org/apache/maven/shared/maven-shared-utils/0.1/maven-shared-utils-0.1.jar
7f8692534000-7f8692538000 r--s 00030000 00:62 24243                      /home/ubuntu/.m2/repository/org/codehaus/plexus/plexus-utils/1.5.1/plexus-utils-1.5.1.jar
7f8692538000-7f869253a000 r--s 00009000 00:62 22737                      /home/ubuntu/.m2/repository/org/apache/maven/plugins/maven-compiler-plugin/3.1/maven-compiler-plugin-3.1.jar
7f869253a000-7f869253c000 r--s 0000d000 00:62 23820                      /home/ubuntu/.m2/repository/org/codehaus/plexus/plexus-interpolation/1.13/plexus-interpolation-1.13.jar
7f869253c000-7f869253d000 r--s 00001000 00:62 23819                      /home/ubuntu/.m2/repository/org/sonatype/plexus/plexus-build-api/0.0.4/plexus-build-api-0.0.4.jar
7f869253d000-7f869253f000 r--s 00009000 00:62 23817                      /home/ubuntu/.m2/repository/org/apache/maven/shared/maven-filtering/1.1/maven-filtering-1.1.jar
7f869253f000-7f8692543000 r--s 00033000 00:62 23818                      /home/ubuntu/.m2/repository/org/codehaus/plexus/plexus-utils/2.0.5/plexus-utils-2.0.5.jar
7f8692543000-7f8692546000 r--s 0001b000 00:62 23810                      /home/ubuntu/.m2/repository/junit/junit/3.8.1/junit-3.8.1.jar
7f8692546000-7f8692548000 r--s 00002000 00:62 23809                      /home/ubuntu/.m2/repository/org/codehaus/plexus/plexus-interactivity-api/1.0-alpha-4/plexus-interactivity-api-1.0-alpha-4.jar
7f8692548000-7f869254a000 r--s 00006000 00:62 23811                      /home/ubuntu/.m2/repository/commons-cli/commons-cli/1.0/commons-cli-1.0.jar
7f869254a000-7f869254b000 r--s 00001000 00:62 23808                      /home/ubuntu/.m2/repository/org/apache/maven/doxia/doxia-sink-api/1.0-alpha-7/doxia-sink-api-1.0-alpha-7.jar
7f869254b000-7f869254d000 r--s 00006000 00:62 22730                      /home/ubuntu/.m2/repository/org/apache/maven/plugins/maven-resources-plugin/2.6/maven-resources-plugin-2.6.jar
7f869254d000-7f869274d000 rw-p 00000000 00:00 0 
7f869274d000-7f869275e000 r-xp 00000000 00:62 12439                      /usr/lib/jvm/java-8-oracle/jre/lib/amd64/libnio.so
7f869275e000-7f869295d000 ---p 00011000 00:62 12439                      /usr/lib/jvm/java-8-oracle/jre/lib/amd64/libnio.so
7f869295d000-7f869295e000 rw-p 00010000 00:62 12439                      /usr/lib/jvm/java-8-oracle/jre/lib/amd64/libnio.so
7f869295e000-7f8692974000 r-xp 00000000 00:62 12461                      /usr/lib/jvm/java-8-oracle/jre/lib/amd64/libnet.so
7f8692974000-7f8692b74000 ---p 00016000 00:62 12461                      /usr/lib/jvm/java-8-oracle/jre/lib/amd64/libnet.so
7f8692b74000-7f8692b75000 rw-p 00016000 00:62 12461                      /usr/lib/jvm/java-8-oracle/jre/lib/amd64/libnet.so
7f8692b75000-7f8692d75000 rw-p 00000000 00:00 0 
7f8692d75000-7f8692d79000 r--s 00097000 00:62 12528                      /usr/lib/jvm/java-8-oracle/jre/lib/jsse.jar
7f8692d79000-7f8692f79000 rw-p 00000000 00:00 0 
7f8692f79000-7f8692f7b000 r--s 00007000 00:62 14966                      /usr/share/java/maven3-settings-builder-3.0.5.jar
7f8692f7b000-7f8692f7d000 r--s 00007000 00:62 2779                       /usr/share/java/commons-cli-1.2.jar
7f8692f7d000-7f8692f7f000 r--s 0000a000 00:62 14885                      /usr/share/java/wagon-provider-api-2.x.jar
7f8692f7f000-7f8692f81000 r--s 0000b000 00:62 14959                      /usr/share/java/maven3-aether-provider-3.0.5.jar
7f8692f81000-7f8692f86000 r--s 00044000 00:62 2775                       /usr/share/java/commons-httpclient-3.1.jar
7f8692f86000-7f8692f8a000 r--s 00033000 00:62 12340                      /usr/share/java/plexus-utils2-2.0.5.jar
7f8692f8a000-7f8692f8d000 r--s 0001d000 00:62 14550                      /usr/share/maven-repo/org/sonatype/aether/aether-impl/1.13.1/aether-impl-1.13.1.jar
7f8692f8d000-7f8692f99000 r--s 0007c000 00:62 14961                      /usr/share/java/maven3-core-3.0.5.jar
7f8692f99000-7f8692fb5000 r--s 00110000 00:62 14893                      /usr/share/java/wagon-http-shaded-2.x.jar
7f8692fb5000-7f8692fc1000 r--s 00082000 00:62 14266                      /usr/share/java/sisu-guice.jar
7f8692fc1000-7f8692fea000 r--s 001e9000 00:62 2751                       /usr/share/java/guava.jar
7f8692fea000-7f8692feb000 ---p 00000000 00:00 0 
7f8692feb000-7f86930eb000 rw-p 00000000 00:00 0                          [stack:10787]
7f86930eb000-7f86930ee000 ---p 00000000 00:00 0 
7f86930ee000-7f86931ec000 rw-p 00000000 00:00 0                          [stack:10786]
7f86931ec000-7f86931ef000 ---p 00000000 00:00 0 
7f86931ef000-7f86932ed000 rw-p 00000000 00:00 0                          [stack:10785]
7f86932ed000-7f86932f0000 ---p 00000000 00:00 0 
7f86932f0000-7f86933ee000 rw-p 00000000 00:00 0                          [stack:10784]
7f86933ee000-7f86933f1000 ---p 00000000 00:00 0 
7f86933f1000-7f86934ef000 rw-p 00000000 00:00 0                          [stack:10783]
7f86934ef000-7f86934f2000 ---p 00000000 00:00 0 
7f86934f2000-7f86935f0000 rw-p 00000000 00:00 0                          [stack:10782]
7f86935f0000-7f86935f3000 ---p 00000000 00:00 0 
7f86935f3000-7f86936f1000 rw-p 00000000 00:00 0                          [stack:10781]
7f86936f1000-7f8693717000 r--p 00000000 00:62 111                        /usr/lib/locale/C.UTF-8/LC_CTYPE
7f8693717000-7f8693886000 r--p 00000000 00:62 108                        /usr/lib/locale/C.UTF-8/LC_COLLATE
7f8693886000-7f8693889000 ---p 00000000 00:00 0 
7f8693889000-7f8693987000 rw-p 00000000 00:00 0                          [stack:10780]
7f8693987000-7f869398a000 ---p 00000000 00:00 0 
7f869398a000-7f8693a88000 rw-p 00000000 00:00 0                          [stack:10779]
7f8693a88000-7f8693a89000 ---p 00000000 00:00 0 
7f8693a89000-7f86b0000000 rw-p 00000000 00:00 0                          [stack:10778]
7f86b0000000-7f86b0021000 rw-p 00000000 00:00 0 
7f86b0021000-7f86b4000000 ---p 00000000 00:00 0 
7f86b4000000-7f86b4021000 rw-p 00000000 00:00 0 
7f86b4021000-7f86b8000000 ---p 00000000 00:00 0 
7f86b8000000-7f86b8021000 rw-p 00000000 00:00 0 
7f86b8021000-7f86bc000000 ---p 00000000 00:00 0 
7f86bc000000-7f86bc021000 rw-p 00000000 00:00 0 
7f86bc021000-7f86c0000000 ---p 00000000 00:00 0 
7f86c0000000-7f86c0022000 rw-p 00000000 00:00 0 
7f86c0022000-7f86c4000000 ---p 00000000 00:00 0 
7f86c4000000-7f86c4021000 rw-p 00000000 00:00 0 
7f86c4021000-7f86c8000000 ---p 00000000 00:00 0 
7f86c8000000-7f86c8021000 rw-p 00000000 00:00 0 
7f86c8021000-7f86cc000000 ---p 00000000 00:00 0 
7f86cc000000-7f86cc021000 rw-p 00000000 00:00 0 
7f86cc021000-7f86d0000000 ---p 00000000 00:00 0 
7f86d0000000-7f86d0002000 r--s 00006000 00:62 14556                      /usr/share/maven-repo/org/sonatype/aether/aether-connector-wagon/1.13.1/aether-connector-wagon-1.13.1.jar
7f86d0002000-7f86d0008000 r--s 0003e000 00:62 14967                      /usr/share/java/maven3-compat-3.0.5.jar
7f86d0008000-7f86d000a000 r--s 0000a000 00:62 14965                      /usr/share/java/maven3-artifact-3.0.5.jar
7f86d000a000-7f86d000c000 r--s 00009000 00:62 14968                      /usr/share/java/maven3-plugin-api-3.0.5.jar
7f86d000c000-7f86d000e000 r--s 00000000 00:62 12367                      /usr/share/java/plexus-component-annotations-1.5-1.5.5.jar
7f86d000e000-7f86d0010000 r--s 0000e000 00:62 2771                       /usr/share/java/plexus-interpolation.jar
7f86d0010000-7f86d0012000 r--s 00009000 00:62 14963                      /usr/share/java/maven3-settings-3.0.5.jar
7f86d0012000-7f86d0019000 r--s 00040000 00:62 14314                      /usr/share/java/sisu-inject-bean.jar
7f86d0019000-7f86d0020000 r--s 0003b000 00:62 2770                       /usr/share/java/commons-codec-1.9.jar
7f86d0020000-7f86d0a2a000 rw-p 00000000 00:00 0 
7f86d0a2a000-7f86d0c02000 r--s 03d2a000 00:62 12498                      /usr/lib/jvm/java-8-oracle/jre/lib/rt.jar
7f86d0c02000-7f86d1578000 rw-p 00000000 00:00 0 
7f86d1578000-7f86d1579000 ---p 00000000 00:00 0 
7f86d1579000-7f86d1679000 rw-p 00000000 00:00 0                          [stack:10777]
7f86d1679000-7f86d167a000 ---p 00000000 00:00 0 
7f86d167a000-7f86d177a000 rw-p 00000000 00:00 0                          [stack:10776]
7f86d177a000-7f86d177b000 ---p 00000000 00:00 0 
7f86d177b000-7f86d187b000 rw-p 00000000 00:00 0                          [stack:10775]
7f86d187b000-7f86d187c000 ---p 00000000 00:00 0 
7f86d187c000-7f86d197c000 rw-p 00000000 00:00 0                          [stack:10774]
7f86d197c000-7f86d197d000 ---p 00000000 00:00 0 
7f86d197d000-7f86d1a7d000 rw-p 00000000 00:00 0                          [stack:10773]
7f86d1a7d000-7f86d1a7e000 ---p 00000000 00:00 0 
7f86d1a7e000-7f86d1b7e000 rw-p 00000000 00:00 0                          [stack:10772]
7f86d1b7e000-7f86d1b7f000 ---p 00000000 00:00 0 
7f86d1b7f000-7f86d1c7f000 rw-p 00000000 00:00 0                          [stack:10771]
7f86d1c7f000-7f86d1c80000 ---p 00000000 00:00 0 
7f86d1c80000-7f86d1fd1000 rw-p 00000000 00:00 0                          [stack:10770]
7f86d1fd1000-7f86d2e8a000 ---p 00000000 00:00 0 
7f86d2e8a000-7f86d30db000 rw-p 00000000 00:00 0 
7f86d30db000-7f86d3f94000 ---p 00000000 00:00 0 
7f86d3f94000-7f86d416b000 rw-p 00000000 00:00 0 
7f86d416b000-7f86d4819000 ---p 00000000 00:00 0 
7f86d4819000-7f86d4897000 rw-p 00000000 00:00 0 
7f86d4897000-7f86d4bda000 ---p 00000000 00:00 0 
7f86d4bda000-7f86d6aea000 rwxp 00000000 00:00 0 
7f86d6aea000-7f86e3bda000 ---p 00000000 00:00 0 
7f86e3bda000-7f86e3bf4000 r-xp 00000000 00:62 12483                      /usr/lib/jvm/java-8-oracle/jre/lib/amd64/libzip.so
7f86e3bf4000-7f86e3df4000 ---p 0001a000 00:62 12483                      /usr/lib/jvm/java-8-oracle/jre/lib/amd64/libzip.so
7f86e3df4000-7f86e3df5000 rw-p 0001a000 00:62 12483                      /usr/lib/jvm/java-8-oracle/jre/lib/amd64/libzip.so
7f86e3df5000-7f86e3dff000 r-xp 00000000 00:62 294                        /lib/x86_64-linux-gnu/libnss_files-2.19.so
7f86e3dff000-7f86e3ffe000 ---p 0000a000 00:62 294                        /lib/x86_64-linux-gnu/libnss_files-2.19.so
7f86e3ffe000-7f86e3fff000 r--p 00009000 00:62 294                        /lib/x86_64-linux-gnu/libnss_files-2.19.so
7f86e3fff000-7f86e4000000 rw-p 0000a000 00:62 294                        /lib/x86_64-linux-gnu/libnss_files-2.19.so
7f86e4000000-7f86e55ad000 rw-p 00000000 00:00 0 
7f86e55ad000-7f86e8000000 ---p 00000000 00:00 0 
7f86e8000000-7f86e8001000 r--s 00002000 00:62 23807                      /home/ubuntu/.m2/repository/org/apache/maven/reporting/maven-reporting-api/2.0.6/maven-reporting-api-2.0.6.jar
7f86e8001000-7f86e8002000 r--s 00001000 00:62 14886                      /usr/share/java/wagon-file-2.x.jar
7f86e8002000-7f86e8003000 r--s 0000d000 00:62 2767                       /usr/share/java/commons-logging-1.1.3.jar
7f86e8003000-7f86e8005000 r--s 00008000 00:62 14962                      /usr/share/java/maven3-embedder-3.0.5.jar
7f86e8005000-7f86e8007000 r--s 00005000 00:62 14964                      /usr/share/java/maven3-repository-metadata-3.0.5.jar
7f86e8007000-7f86e800b000 r--s 00020000 00:62 14969                      /usr/share/java/maven3-model-builder-3.0.5.jar
7f86e800b000-7f86e8011000 r--s 0002c000 00:62 14309                      /usr/share/java/sisu-inject-plexus.jar
7f86e8011000-7f86e8015000 r--s 0001c000 00:62 14521                      /usr/share/maven-repo/org/sonatype/aether/aether-util/1.13.1/aether-util-1.13.1.jar
7f86e8015000-7f86e8057000 rw-p 00000000 00:00 0 
7f86e8057000-7f86e8062000 r-xp 00000000 00:62 292                        /lib/x86_64-linux-gnu/libnss_nis-2.19.so
7f86e8062000-7f86e8261000 ---p 0000b000 00:62 292                        /lib/x86_64-linux-gnu/libnss_nis-2.19.so
7f86e8261000-7f86e8262000 r--p 0000a000 00:62 292                        /lib/x86_64-linux-gnu/libnss_nis-2.19.so
7f86e8262000-7f86e8263000 rw-p 0000b000 00:62 292                        /lib/x86_64-linux-gnu/libnss_nis-2.19.so
7f86e8263000-7f86e827a000 r-xp 00000000 00:62 290                        /lib/x86_64-linux-gnu/libnsl-2.19.so
7f86e827a000-7f86e8479000 ---p 00017000 00:62 290                        /lib/x86_64-linux-gnu/libnsl-2.19.so
7f86e8479000-7f86e847a000 r--p 00016000 00:62 290                        /lib/x86_64-linux-gnu/libnsl-2.19.so
7f86e847a000-7f86e847b000 rw-p 00017000 00:62 290                        /lib/x86_64-linux-gnu/libnsl-2.19.so
7f86e847b000-7f86e847d000 rw-p 00000000 00:00 0 
7f86e847d000-7f86e8486000 r-xp 00000000 00:62 288                        /lib/x86_64-linux-gnu/libnss_compat-2.19.so
7f86e8486000-7f86e8685000 ---p 00009000 00:62 288                        /lib/x86_64-linux-gnu/libnss_compat-2.19.so
7f86e8685000-7f86e8686000 r--p 00008000 00:62 288                        /lib/x86_64-linux-gnu/libnss_compat-2.19.so
7f86e8686000-7f86e8687000 rw-p 00009000 00:62 288                        /lib/x86_64-linux-gnu/libnss_compat-2.19.so
7f86e8687000-7f86e86b2000 r-xp 00000000 00:62 12450                      /usr/lib/jvm/java-8-oracle/jre/lib/amd64/libjava.so
7f86e86b2000-7f86e88b1000 ---p 0002b000 00:62 12450                      /usr/lib/jvm/java-8-oracle/jre/lib/amd64/libjava.so
7f86e88b1000-7f86e88b3000 rw-p 0002a000 00:62 12450                      /usr/lib/jvm/java-8-oracle/jre/lib/amd64/libjava.so
7f86e88b3000-7f86e88c0000 r-xp 00000000 00:62 12469                      /usr/lib/jvm/java-8-oracle/jre/lib/amd64/libverify.so
7f86e88c0000-7f86e8abf000 ---p 0000d000 00:62 12469                      /usr/lib/jvm/java-8-oracle/jre/lib/amd64/libverify.so
7f86e8abf000-7f86e8ac1000 rw-p 0000c000 00:62 12469                      /usr/lib/jvm/java-8-oracle/jre/lib/amd64/libverify.so
7f86e8ac1000-7f86e8ac8000 r-xp 00000000 00:62 278                        /lib/x86_64-linux-gnu/librt-2.19.so
7f86e8ac8000-7f86e8cc7000 ---p 00007000 00:62 278                        /lib/x86_64-linux-gnu/librt-2.19.so
7f86e8cc7000-7f86e8cc8000 r--p 00006000 00:62 278                        /lib/x86_64-linux-gnu/librt-2.19.so
7f86e8cc8000-7f86e8cc9000 rw-p 00007000 00:62 278                        /lib/x86_64-linux-gnu/librt-2.19.so
7f86e8cc9000-7f86e8dce000 r-xp 00000000 00:62 163                        /lib/x86_64-linux-gnu/libm-2.19.so
7f86e8dce000-7f86e8fcd000 ---p 00105000 00:62 163                        /lib/x86_64-linux-gnu/libm-2.19.so
7f86e8fcd000-7f86e8fce000 r--p 00104000 00:62 163                        /lib/x86_64-linux-gnu/libm-2.19.so
7f86e8fce000-7f86e8fcf000 rw-p 00105000 00:62 163                        /lib/x86_64-linux-gnu/libm-2.19.so
7f86e8fcf000-7f86e9c9c000 r-xp 00000000 00:62 12493                      /usr/lib/jvm/java-8-oracle/jre/lib/amd64/server/libjvm.so
7f86e9c9c000-7f86e9e9b000 ---p 00ccd000 00:62 12493                      /usr/lib/jvm/java-8-oracle/jre/lib/amd64/server/libjvm.so
7f86e9e9b000-7f86e9f74000 rw-p 00ccc000 00:62 12493                      /usr/lib/jvm/java-8-oracle/jre/lib/amd64/server/libjvm.so
7f86e9f74000-7f86e9fbf000 rw-p 00000000 00:00 0 
7f86e9fbf000-7f86ea179000 r-xp 00000000 00:62 79                         /lib/x86_64-linux-gnu/libc-2.19.so
7f86ea179000-7f86ea379000 ---p 001ba000 00:62 79                         /lib/x86_64-linux-gnu/libc-2.19.so
7f86ea379000-7f86ea37d000 r--p 001ba000 00:62 79                         /lib/x86_64-linux-gnu/libc-2.19.so
7f86ea37d000-7f86ea37f000 rw-p 001be000 00:62 79                         /lib/x86_64-linux-gnu/libc-2.19.so
7f86ea37f000-7f86ea384000 rw-p 00000000 00:00 0 
7f86ea384000-7f86ea387000 r-xp 00000000 00:62 77                         /lib/x86_64-linux-gnu/libdl-2.19.so
7f86ea387000-7f86ea586000 ---p 00003000 00:62 77                         /lib/x86_64-linux-gnu/libdl-2.19.so
7f86ea586000-7f86ea587000 r--p 00002000 00:62 77                         /lib/x86_64-linux-gnu/libdl-2.19.so
7f86ea587000-7f86ea588000 rw-p 00003000 00:62 77                         /lib/x86_64-linux-gnu/libdl-2.19.so
7f86ea588000-7f86ea59d000 r-xp 00000000 00:62 12755                      /usr/lib/jvm/java-8-oracle/lib/amd64/jli/libjli.so
7f86ea59d000-7f86ea79d000 ---p 00015000 00:62 12755                      /usr/lib/jvm/java-8-oracle/lib/amd64/jli/libjli.so
7f86ea79d000-7f86ea79e000 rw-p 00015000 00:62 12755                      /usr/lib/jvm/java-8-oracle/lib/amd64/jli/libjli.so
7f86ea79e000-7f86ea7b7000 r-xp 00000000 00:62 235                        /lib/x86_64-linux-gnu/libpthread-2.19.so
7f86ea7b7000-7f86ea9b6000 ---p 00019000 00:62 235                        /lib/x86_64-linux-gnu/libpthread-2.19.so
7f86ea9b6000-7f86ea9b7000 r--p 00018000 00:62 235                        /lib/x86_64-linux-gnu/libpthread-2.19.so
7f86ea9b7000-7f86ea9b8000 rw-p 00019000 00:62 235                        /lib/x86_64-linux-gnu/libpthread-2.19.so
7f86ea9b8000-7f86ea9bc000 rw-p 00000000 00:00 0 
7f86ea9bc000-7f86ea9df000 r-xp 00000000 00:62 72                         /lib/x86_64-linux-gnu/ld-2.19.so
7f86ea9df000-7f86ea9e1000 r--s 00002000 00:62 2749                       /usr/share/java/plexus-cipher.jar
7f86ea9e1000-7f86ea9e2000 r--s 00003000 00:62 14533                      /usr/share/maven-repo/org/sonatype/aether/aether-spi/1.13.1/aether-spi-1.13.1.jar
7f86ea9e2000-7f86ea9e3000 r--s 00006000 00:62 2695                       /usr/share/java/plexus-sec-dispatcher.jar
7f86ea9e3000-7f86ea9e6000 r--s 00013000 00:62 14538                      /usr/share/maven-repo/org/sonatype/aether/aether-api/1.13.1/aether-api-1.13.1.jar
7f86ea9e6000-7f86ea9e8000 r--s 00025000 00:62 14960                      /usr/share/java/maven3-model-3.0.5.jar
7f86ea9e8000-7f86ea9ea000 r--s 0000a000 00:62 12299                      /usr/share/java/plexus-classworlds2-2.5.1.jar
7f86ea9ea000-7f86ea9eb000 r--p 00000000 00:62 110                        /usr/lib/locale/C.UTF-8/LC_NUMERIC
7f86ea9eb000-7f86ea9ec000 r--p 00000000 00:62 109                        /usr/lib/locale/C.UTF-8/LC_TIME
7f86ea9ec000-7f86ea9ed000 r--p 00000000 00:62 107                        /usr/lib/locale/C.UTF-8/LC_MONETARY
7f86ea9ed000-7f86ea9ee000 r--p 00000000 00:62 106                        /usr/lib/locale/C.UTF-8/LC_MESSAGES/SYS_LC_MESSAGES
7f86ea9ee000-7f86ea9ef000 r--p 00000000 00:62 104                        /usr/lib/locale/C.UTF-8/LC_PAPER
7f86ea9ef000-7f86ea9f6000 r--s 00000000 00:62 99                         /usr/lib/x86_64-linux-gnu/gconv/gconv-modules.cache
7f86ea9f6000-7f86eaac8000 rw-p 00000000 00:00 0 
7f86eaac8000-7f86eaacb000 ---p 00000000 00:00 0 
7f86eaacb000-7f86eabcd000 rw-p 00000000 00:00 0                          [stack:10769]
7f86eabcd000-7f86eabce000 r--p 00000000 00:62 103                        /usr/lib/locale/C.UTF-8/LC_NAME
7f86eabce000-7f86eabcf000 r--p 00000000 00:62 102                        /usr/lib/locale/C.UTF-8/LC_ADDRESS
7f86eabcf000-7f86eabd0000 r--p 00000000 00:62 101                        /usr/lib/locale/C.UTF-8/LC_TELEPHONE
7f86eabd0000-7f86eabd1000 r--p 00000000 00:62 100                        /usr/lib/locale/C.UTF-8/LC_MEASUREMENT
7f86eabd1000-7f86eabd2000 r--p 00000000 00:62 96                         /usr/lib/locale/C.UTF-8/LC_IDENTIFICATION
7f86eabd2000-7f86eabda000 rw-s 00000000 00:62 24877                      /tmp/hsperfdata_ubuntu/10758
7f86eabda000-7f86eabdb000 rw-p 00000000 00:00 0 
7f86eabdb000-7f86eabdc000 ---p 00000000 00:00 0 
7f86eabdc000-7f86eabde000 rw-p 00000000 00:00 0 
7f86eabde000-7f86eabdf000 r--p 00022000 00:62 72                         /lib/x86_64-linux-gnu/ld-2.19.so
7f86eabdf000-7f86eabe0000 rw-p 00023000 00:62 72                         /lib/x86_64-linux-gnu/ld-2.19.so
7f86eabe0000-7f86eabe1000 rw-p 00000000 00:00 0 
7ffd3b19c000-7ffd3b1bd000 rw-p 00000000 00:00 0                          [stack]
7ffd3b1ee000-7ffd3b1f0000 r--p 00000000 00:00 0                          [vvar]
7ffd3b1f0000-7ffd3b1f2000 r-xp 00000000 00:00 0                          [vdso]
ffffffffff600000-ffffffffff601000 r-xp 00000000 00:00 0                  [vsyscall]

VM Arguments:
jvm_args: -Dclassworlds.conf=/usr/share/maven/bin/m2.conf -Dmaven.home=/usr/share/maven 
java_command: org.codehaus.plexus.classworlds.launcher.Launcher spring-boot:run
java_class_path (initial): /usr/share/maven/boot/plexus-classworlds-2.x.jar
Launcher Type: SUN_STANDARD

Environment Variables:
JAVA_HOME=/usr/lib/jvm/java-8-oracle
PATH=/home/ubuntu/.nvm/versions/node/v4.6.1/bin:/usr/local/rvm/gems/ruby-2.3.0/bin:/usr/local/rvm/gems/ruby-2.3.0@global/bin:/usr/local/rvm/rubies/ruby-2.3.0/bin:/mnt/shared/bin:/home/ubuntu/workspace/node_modules/.bin:/home/ubuntu/bin:/usr/local/sbin:/usr/local/bin:/usr/sbin:/usr/bin:/sbin:/bin:/mnt/shared/sbin:/opt/gitl:/opt/go/bin:/mnt/shared/c9/app.nw/bin:/usr/lib/jvm/java-8-oracle/bin:/usr/lib/jvm/java-8-oracle/db/bin:/usr/lib/jvm/java-8-oracle/jre/bin:/usr/local/rvm/bin
LD_LIBRARY_PATH=~/.c9/local/lib
SHELL=/bin/bash

Signal Handlers:
SIGSEGV: [libjvm.so+0xac64b0], sa_mask[0]=11111111011111111101111111111110, sa_flags=SA_RESTART|SA_SIGINFO
SIGBUS: [libjvm.so+0xac64b0], sa_mask[0]=11111111011111111101111111111110, sa_flags=SA_RESTART|SA_SIGINFO
SIGFPE: [libjvm.so+0x91f950], sa_mask[0]=11111111011111111101111111111110, sa_flags=SA_RESTART|SA_SIGINFO
SIGPIPE: [libjvm.so+0x91f950], sa_mask[0]=11111111011111111101111111111110, sa_flags=SA_RESTART|SA_SIGINFO
SIGXFSZ: [libjvm.so+0x91f950], sa_mask[0]=11111111011111111101111111111110, sa_flags=SA_RESTART|SA_SIGINFO
SIGILL: [libjvm.so+0x91f950], sa_mask[0]=11111111011111111101111111111110, sa_flags=SA_RESTART|SA_SIGINFO
SIGUSR1: SIG_DFL, sa_mask[0]=00000000000000000000000000000000, sa_flags=none
SIGUSR2: [libjvm.so+0x920f80], sa_mask[0]=00000000000000000000000000000000, sa_flags=SA_RESTART|SA_SIGINFO
SIGHUP: [libjvm.so+0x922380], sa_mask[0]=11111111011111111101111111111110, sa_flags=SA_RESTART|SA_SIGINFO
SIGINT: [libjvm.so+0x922380], sa_mask[0]=11111111011111111101111111111110, sa_flags=SA_RESTART|SA_SIGINFO
SIGTERM: [libjvm.so+0x922380], sa_mask[0]=11111111011111111101111111111110, sa_flags=SA_RESTART|SA_SIGINFO
SIGQUIT: [libjvm.so+0x922380], sa_mask[0]=11111111011111111101111111111110, sa_flags=SA_RESTART|SA_SIGINFO


---------------  S Y S T E M  ---------------

OS:DISTRIB_ID=Ubuntu
DISTRIB_RELEASE=14.04
DISTRIB_CODENAME=trusty
DISTRIB_DESCRIPTION="Ubuntu 14.04.3 LTS"

uname:Linux 4.2.0-c9 #2 SMP Thu Oct 20 09:52:05 UTC 2016 x86_64
libc:glibc 2.19 NPTL 2.19 
rlimit: STACK 8192k, CORE 0k, NPROC 29856, NOFILE 8192, AS infinity
load average:1.52 2.60 3.02

/proc/meminfo:
MemTotal:       53595536 kB
MemFree:         4232756 kB
MemAvailable:   17773524 kB
Buffers:         3630292 kB
Cached:         15520924 kB
SwapCached:       236164 kB
Active:         18997580 kB
Inactive:       18895940 kB
Active(anon):   10178020 kB
Inactive(anon): 10286460 kB
Active(file):    8819560 kB
Inactive(file):  8609480 kB
Unevictable:       12148 kB
Mlocked:           12148 kB
SwapTotal:      52428796 kB
SwapFree:       51237016 kB
Dirty:                 0 kB
Writeback:             0 kB
AnonPages:      18607260 kB
Mapped:           753508 kB
Shmem:           1719216 kB
Slab:            9034476 kB
SReclaimable:    5649452 kB
SUnreclaim:      3385024 kB
KernelStack:      176784 kB
PageTables:       324308 kB
NFS_Unstable:          0 kB
Bounce:                0 kB
WritebackTmp:          0 kB
CommitLimit:    79226564 kB
Committed_AS:   79597856 kB
VmallocTotal:   34359738367 kB
VmallocUsed:     1227508 kB
VmallocChunk:   34358381376 kB
HardwareCorrupted:     0 kB
AnonHugePages:     18432 kB
HugePages_Total:       0
HugePages_Free:        0
HugePages_Rsvd:        0
HugePages_Surp:        0
Hugepagesize:       2048 kB
DirectMap4k:      118772 kB
DirectMap2M:     4075520 kB
DirectMap1G:    52428800 kB


CPU:total 8 (16 cores per cpu, 2 threads per core) family 6 model 63 stepping 0, cmov, cx8, fxsr, mmx, sse, sse2, sse3, ssse3, sse4.1, sse4.2, popcnt, avx, avx2, aes, clmul, erms, lzcnt, ht, tsc, tscinvbit, bmi1, bmi2

/proc/cpuinfo:
processor	: 0
vendor_id	: GenuineIntel
cpu family	: 6
model		: 63
model name	: Intel(R) Xeon(R) CPU @ 2.30GHz
stepping	: 0
microcode	: 0x1
cpu MHz		: 2300.000
cache size	: 46080 KB
physical id	: 0
siblings	: 8
core id		: 0
cpu cores	: 4
apicid		: 0
initial apicid	: 0
fpu		: yes
fpu_exception	: yes
cpuid level	: 13
wp		: yes
flags		: fpu vme de pse tsc msr pae mce cx8 apic sep mtrr pge mca cmov pat pse36 clflush mmx fxsr sse sse2 ss ht syscall nx pdpe1gb rdtscp lm constant_tsc rep_good nopl xtopology nonstop_tsc eagerfpu pni pclmulqdq ssse3 fma cx16 sse4_1 sse4_2 x2apic movbe popcnt aes xsave avx f16c rdrand hypervisor lahf_lm abm fsgsbase tsc_adjust bmi1 avx2 smep bmi2 erms xsaveopt
bugs		:
bogomips	: 4600.00
clflush size	: 64
cache_alignment	: 64
address sizes	: 46 bits physical, 48 bits virtual
power management:

processor	: 1
vendor_id	: GenuineIntel
cpu family	: 6
model		: 63
model name	: Intel(R) Xeon(R) CPU @ 2.30GHz
stepping	: 0
microcode	: 0x1
cpu MHz		: 2300.000
cache size	: 46080 KB
physical id	: 0
siblings	: 8
core id		: 0
cpu cores	: 4
apicid		: 1
initial apicid	: 1
fpu		: yes
fpu_exception	: yes
cpuid level	: 13
wp		: yes
flags		: fpu vme de pse tsc msr pae mce cx8 apic sep mtrr pge mca cmov pat pse36 clflush mmx fxsr sse sse2 ss ht syscall nx pdpe1gb rdtscp lm constant_tsc rep_good nopl xtopology nonstop_tsc eagerfpu pni pclmulqdq ssse3 fma cx16 sse4_1 sse4_2 x2apic movbe popcnt aes xsave avx f16c rdrand hypervisor lahf_lm abm fsgsbase tsc_adjust bmi1 avx2 smep bmi2 erms xsaveopt
bugs		:
bogomips	: 4600.00
clflush size	: 64
cache_alignment	: 64
address sizes	: 46 bits physical, 48 bits virtual
power management:

processor	: 2
vendor_id	: GenuineIntel
cpu family	: 6
model		: 63
model name	: Intel(R) Xeon(R) CPU @ 2.30GHz
stepping	: 0
microcode	: 0x1
cpu MHz		: 2300.000
cache size	: 46080 KB
physical id	: 0
siblings	: 8
core id		: 1
cpu cores	: 4
apicid		: 2
initial apicid	: 2
fpu		: yes
fpu_exception	: yes
cpuid level	: 13
wp		: yes
flags		: fpu vme de pse tsc msr pae mce cx8 apic sep mtrr pge mca cmov pat pse36 clflush mmx fxsr sse sse2 ss ht syscall nx pdpe1gb rdtscp lm constant_tsc rep_good nopl xtopology nonstop_tsc eagerfpu pni pclmulqdq ssse3 fma cx16 sse4_1 sse4_2 x2apic movbe popcnt aes xsave avx f16c rdrand hypervisor lahf_lm abm fsgsbase tsc_adjust bmi1 avx2 smep bmi2 erms xsaveopt
bugs		:
bogomips	: 4600.00
clflush size	: 64
cache_alignment	: 64
address sizes	: 46 bits physical, 48 bits virtual
power management:

processor	: 3
vendor_id	: GenuineIntel
cpu family	: 6
model		: 63
model name	: Intel(R) Xeon(R) CPU @ 2.30GHz
stepping	: 0
microcode	: 0x1
cpu MHz		: 2300.000
cache size	: 46080 KB
physical id	: 0
siblings	: 8
core id		: 1
cpu cores	: 4
apicid		: 3
initial apicid	: 3
fpu		: yes
fpu_exception	: yes
cpuid level	: 13
wp		: yes
flags		: fpu vme de pse tsc msr pae mce cx8 apic sep mtrr pge mca cmov pat pse36 clflush mmx fxsr sse sse2 ss ht syscall nx pdpe1gb rdtscp lm constant_tsc rep_good nopl xtopology nonstop_tsc eagerfpu pni pclmulqdq ssse3 fma cx16 sse4_1 sse4_2 x2apic movbe popcnt aes xsave avx f16c rdrand hypervisor lahf_lm abm fsgsbase tsc_adjust bmi1 avx2 smep bmi2 erms xsaveopt
bugs		:
bogomips	: 4600.00
clflush size	: 64
cache_alignment	: 64
address sizes	: 46 bits physical, 48 bits virtual
power management:

processor	: 4
vendor_id	: GenuineIntel
cpu family	: 6
model		: 63
model name	: Intel(R) Xeon(R) CPU @ 2.30GHz
stepping	: 0
microcode	: 0x1
cpu MHz		: 2300.000
cache size	: 46080 KB
physical id	: 0
siblings	: 8
core id		: 2
cpu cores	: 4
apicid		: 4
initial apicid	: 4
fpu		: yes
fpu_exception	: yes
cpuid level	: 13
wp		: yes
flags		: fpu vme de pse tsc msr pae mce cx8 apic sep mtrr pge mca cmov pat pse36 clflush mmx fxsr sse sse2 ss ht syscall nx pdpe1gb rdtscp lm constant_tsc rep_good nopl xtopology nonstop_tsc eagerfpu pni pclmulqdq ssse3 fma cx16 sse4_1 sse4_2 x2apic movbe popcnt aes xsave avx f16c rdrand hypervisor lahf_lm abm fsgsbase tsc_adjust bmi1 avx2 smep bmi2 erms xsaveopt
bugs		:
bogomips	: 4600.00
clflush size	: 64
cache_alignment	: 64
address sizes	: 46 bits physical, 48 bits virtual
power management:

processor	: 5
vendor_id	: GenuineIntel
cpu family	: 6
model		: 63
model name	: Intel(R) Xeon(R) CPU @ 2.30GHz
stepping	: 0
microcode	: 0x1
cpu MHz		: 2300.000
cache size	: 46080 KB
physical id	: 0
siblings	: 8
core id		: 2
cpu cores	: 4
apicid		: 5
initial apicid	: 5
fpu		: yes
fpu_exception	: yes
cpuid level	: 13
wp		: yes
flags		: fpu vme de pse tsc msr pae mce cx8 apic sep mtrr pge mca cmov pat pse36 clflush mmx fxsr sse sse2 ss ht syscall nx pdpe1gb rdtscp lm constant_tsc rep_good nopl xtopology nonstop_tsc eagerfpu pni pclmulqdq ssse3 fma cx16 sse4_1 sse4_2 x2apic movbe popcnt aes xsave avx f16c rdrand hypervisor lahf_lm abm fsgsbase tsc_adjust bmi1 avx2 smep bmi2 erms xsaveopt
bugs		:
bogomips	: 4600.00
clflush size	: 64
cache_alignment	: 64
address sizes	: 46 bits physical, 48 bits virtual
power management:

processor	: 6
vendor_id	: GenuineIntel
cpu family	: 6
model		: 63
model name	: Intel(R) Xeon(R) CPU @ 2.30GHz
stepping	: 0
microcode	: 0x1
cpu MHz		: 2300.000
cache size	: 46080 KB
physical id	: 0
siblings	: 8
core id		: 3
cpu cores	: 4
apicid		: 6
initial apicid	: 6
fpu		: yes
fpu_exception	: yes
cpuid level	: 13
wp		: yes
flags		: fpu vme de pse tsc msr pae mce cx8 apic sep mtrr pge mca cmov pat pse36 clflush mmx fxsr sse sse2 ss ht syscall nx pdpe1gb rdtscp lm constant_tsc rep_good nopl xtopology nonstop_tsc eagerfpu pni pclmulqdq ssse3 fma cx16 sse4_1 sse4_2 x2apic movbe popcnt aes xsave avx f16c rdrand hypervisor lahf_lm abm fsgsbase tsc_adjust bmi1 avx2 smep bmi2 erms xsaveopt
bugs		:
bogomips	: 4600.00
clflush size	: 64
cache_alignment	: 64
address sizes	: 46 bits physical, 48 bits virtual
power management:

processor	: 7
vendor_id	: GenuineIntel
cpu family	: 6
model		: 63
model name	: Intel(R) Xeon(R) CPU @ 2.30GHz
stepping	: 0
microcode	: 0x1
cpu MHz		: 2300.000
cache size	: 46080 KB
physical id	: 0
siblings	: 8
core id		: 3
cpu cores	: 4
apicid		: 7
initial apicid	: 7
fpu		: yes
fpu_exception	: yes
cpuid level	: 13
wp		: yes
flags		: fpu vme de pse tsc msr pae mce cx8 apic sep mtrr pge mca cmov pat pse36 clflush mmx fxsr sse sse2 ss ht syscall nx pdpe1gb rdtscp lm constant_tsc rep_good nopl xtopology nonstop_tsc eagerfpu pni pclmulqdq ssse3 fma cx16 sse4_1 sse4_2 x2apic movbe popcnt aes xsave avx f16c rdrand hypervisor lahf_lm abm fsgsbase tsc_adjust bmi1 avx2 smep bmi2 erms xsaveopt
bugs		:
bogomips	: 4600.00
clflush size	: 64
cache_alignment	: 64
address sizes	: 46 bits physical, 48 bits virtual
power management:



Memory: 4k page, physical 53595536k(4232756k free), swap 52428796k(51237016k free)

vm_info: Java HotSpot(TM) 64-Bit Server VM (25.111-b14) for linux-amd64 JRE (1.8.0_111-b14), built on Sep 22 2016 16:14:03 by "java_re" with gcc 4.3.0 20080428 (Red Hat 4.3.0-8)

time: Tue Dec 13 01:14:38 2016
elapsed time: 159 seconds (0d 0h 2m 39s)

